  [1m[35m (141.9ms)[0m  [1m[35mCREATE DATABASE "burning_airlines_server_v2_development" ENCODING = 'unicode'[0m
  [1m[35m (54.0ms)[0m  [1m[35mCREATE DATABASE "burning_airlines_server_v2_test" ENCODING = 'unicode'[0m
  [1m[35m (7.8ms)[0m  [1m[35mCREATE TABLE "schema_migrations" ("version" character varying NOT NULL PRIMARY KEY)[0m
  [1m[35m (5.3ms)[0m  [1m[35mCREATE TABLE "ar_internal_metadata" ("key" character varying NOT NULL PRIMARY KEY, "value" character varying, "created_at" timestamp(6) NOT NULL, "updated_at" timestamp(6) NOT NULL)[0m
  [1m[35m (0.2ms)[0m  [1m[34mSELECT pg_try_advisory_lock(1890259242514132455)[0m
  [1m[35m (0.5ms)[0m  [1m[34mSELECT "schema_migrations"."version" FROM "schema_migrations" ORDER BY "schema_migrations"."version" ASC[0m
Migrating to CreatePlanes (20191119223958)
  [1m[35m (0.2ms)[0m  [1m[35mBEGIN[0m
  [1m[35m (5.7ms)[0m  [1m[35mCREATE TABLE "planes" ("id" bigserial primary key, "name" text, "rows" integer, "columns" integer, "created_at" timestamp(6) NOT NULL, "updated_at" timestamp(6) NOT NULL)[0m
  [1m[36mprimary::SchemaMigration Create (0.7ms)[0m  [1m[32mINSERT INTO "schema_migrations" ("version") VALUES ($1) RETURNING "version"[0m  [["version", "20191119223958"]]
  [1m[35m (0.4ms)[0m  [1m[35mCOMMIT[0m
Migrating to CreateFlights (20191119224005)
  [1m[35m (0.2ms)[0m  [1m[35mBEGIN[0m
  [1m[35m (4.5ms)[0m  [1m[35mCREATE TABLE "flights" ("id" bigserial primary key, "flight_no" text, "origin" text, "destination" text, "date" timestamp, "plane_id" integer, "created_at" timestamp(6) NOT NULL, "updated_at" timestamp(6) NOT NULL)[0m
  [1m[36mprimary::SchemaMigration Create (0.3ms)[0m  [1m[32mINSERT INTO "schema_migrations" ("version") VALUES ($1) RETURNING "version"[0m  [["version", "20191119224005"]]
  [1m[35m (0.4ms)[0m  [1m[35mCOMMIT[0m
Migrating to CreateReservations (20191119224010)
  [1m[35m (0.2ms)[0m  [1m[35mBEGIN[0m
  [1m[35m (3.4ms)[0m  [1m[35mCREATE TABLE "reservations" ("id" bigserial primary key, "row_no" integer, "col_no" integer, "flight_id" integer, "user_id" integer, "created_at" timestamp(6) NOT NULL, "updated_at" timestamp(6) NOT NULL)[0m
  [1m[36mprimary::SchemaMigration Create (0.2ms)[0m  [1m[32mINSERT INTO "schema_migrations" ("version") VALUES ($1) RETURNING "version"[0m  [["version", "20191119224010"]]
  [1m[35m (0.3ms)[0m  [1m[35mCOMMIT[0m
Migrating to CreateUsers (20191119224014)
  [1m[35m (0.3ms)[0m  [1m[35mBEGIN[0m
  [1m[35m (3.9ms)[0m  [1m[35mCREATE TABLE "users" ("id" bigserial primary key, "name" text, "email" text, "password" text, "admin" boolean, "created_at" timestamp(6) NOT NULL, "updated_at" timestamp(6) NOT NULL)[0m
  [1m[36mprimary::SchemaMigration Create (0.2ms)[0m  [1m[32mINSERT INTO "schema_migrations" ("version") VALUES ($1) RETURNING "version"[0m  [["version", "20191119224014"]]
  [1m[35m (0.4ms)[0m  [1m[35mCOMMIT[0m
Migrating to AddPasswordDigestToUsers (20191119224021)
  [1m[35m (0.2ms)[0m  [1m[35mBEGIN[0m
  [1m[35m (2.6ms)[0m  [1m[35mALTER TABLE "users" ADD "password_digest" character varying[0m
  [1m[36mprimary::SchemaMigration Create (0.3ms)[0m  [1m[32mINSERT INTO "schema_migrations" ("version") VALUES ($1) RETURNING "version"[0m  [["version", "20191119224021"]]
  [1m[35m (0.4ms)[0m  [1m[35mCOMMIT[0m
  [1m[36mActiveRecord::InternalMetadata Load (1.4ms)[0m  [1m[34mSELECT "ar_internal_metadata".* FROM "ar_internal_metadata" WHERE "ar_internal_metadata"."key" = $1 LIMIT $2[0m  [["key", "environment"], ["LIMIT", 1]]
  [1m[35m (0.1ms)[0m  [1m[35mBEGIN[0m
  [1m[36mActiveRecord::InternalMetadata Create (1.3ms)[0m  [1m[32mINSERT INTO "ar_internal_metadata" ("key", "value", "created_at", "updated_at") VALUES ($1, $2, $3, $4) RETURNING "key"[0m  [["key", "environment"], ["value", "development"], ["created_at", "2019-11-19 22:40:36.966298"], ["updated_at", "2019-11-19 22:40:36.966298"]]
  [1m[35m (0.3ms)[0m  [1m[35mCOMMIT[0m
  [1m[35m (0.3ms)[0m  [1m[34mSELECT pg_advisory_unlock(1890259242514132455)[0m
  [1m[35m (0.8ms)[0m  [1m[34mSELECT "schema_migrations"."version" FROM "schema_migrations" ORDER BY "schema_migrations"."version" ASC[0m
  [1m[35m (1.0ms)[0m  [1m[34mSELECT "schema_migrations"."version" FROM "schema_migrations" ORDER BY "schema_migrations"."version" ASC[0m
  [1m[36mPlane Load (0.8ms)[0m  [1m[34mSELECT "planes".* FROM "planes"[0m
  [1m[35m (0.2ms)[0m  [1m[35mBEGIN[0m
  [1m[36mPlane Create (0.9ms)[0m  [1m[32mINSERT INTO "planes" ("name", "rows", "columns", "created_at", "updated_at") VALUES ($1, $2, $3, $4, $5) RETURNING "id"[0m  [["name", "Boeing 747"], ["rows", 10], ["columns", 3], ["created_at", "2019-11-19 22:49:09.276719"], ["updated_at", "2019-11-19 22:49:09.276719"]]
  [1m[35m (1.0ms)[0m  [1m[35mCOMMIT[0m
  [1m[35m (0.1ms)[0m  [1m[35mBEGIN[0m
  [1m[36mPlane Create (0.4ms)[0m  [1m[32mINSERT INTO "planes" ("name", "rows", "columns", "created_at", "updated_at") VALUES ($1, $2, $3, $4, $5) RETURNING "id"[0m  [["name", "Airbus A380"], ["rows", 15], ["columns", 4], ["created_at", "2019-11-19 22:49:09.294952"], ["updated_at", "2019-11-19 22:49:09.294952"]]
  [1m[35m (0.3ms)[0m  [1m[35mCOMMIT[0m
  [1m[35m (0.7ms)[0m  [1m[34mSELECT COUNT(*) FROM "planes"[0m
  [1m[36mUser Load (0.6ms)[0m  [1m[34mSELECT "users".* FROM "users"[0m
  [1m[35m (0.1ms)[0m  [1m[35mBEGIN[0m
  [1m[36mUser Create (0.8ms)[0m  [1m[32mINSERT INTO "users" ("name", "email", "admin", "created_at", "updated_at", "password_digest") VALUES ($1, $2, $3, $4, $5, $6) RETURNING "id"[0m  [["name", "Jeffrey"], ["email", "jeffrey@ga.co"], ["admin", true], ["created_at", "2019-11-19 22:49:09.515374"], ["updated_at", "2019-11-19 22:49:09.515374"], ["password_digest", "$2a$12$cCEGoXDN0qn70v/gUzAyMOl47wIuJ./uh6gGGzDtgsZ5O3fy.4pqq"]]
  [1m[35m (1.4ms)[0m  [1m[35mCOMMIT[0m
  [1m[35m (0.2ms)[0m  [1m[35mBEGIN[0m
  [1m[36mUser Create (0.3ms)[0m  [1m[32mINSERT INTO "users" ("name", "email", "admin", "created_at", "updated_at", "password_digest") VALUES ($1, $2, $3, $4, $5, $6) RETURNING "id"[0m  [["name", "Nick"], ["email", "nick@ga.co"], ["admin", false], ["created_at", "2019-11-19 22:49:09.746790"], ["updated_at", "2019-11-19 22:49:09.746790"], ["password_digest", "$2a$12$SeY/.ovziaPKMeGMreHUYeLGAwRiswrelNfHCGTtmaX14EuwLnJpm"]]
  [1m[35m (0.6ms)[0m  [1m[35mCOMMIT[0m
  [1m[35m (0.1ms)[0m  [1m[35mBEGIN[0m
  [1m[36mUser Create (0.3ms)[0m  [1m[32mINSERT INTO "users" ("name", "email", "admin", "created_at", "updated_at", "password_digest") VALUES ($1, $2, $3, $4, $5, $6) RETURNING "id"[0m  [["name", "Kian"], ["email", "kian@ga.co"], ["admin", false], ["created_at", "2019-11-19 22:49:09.955772"], ["updated_at", "2019-11-19 22:49:09.955772"], ["password_digest", "$2a$12$947j7fJXyaQ3Dn6EyclWdOlFQag1t2SWeGaZ70FNecnd72Ljg.tti"]]
  [1m[35m (0.5ms)[0m  [1m[35mCOMMIT[0m
  [1m[35m (0.2ms)[0m  [1m[34mSELECT COUNT(*) FROM "users"[0m
  [1m[36mFlight Load (0.5ms)[0m  [1m[34mSELECT "flights".* FROM "flights"[0m
  [1m[35m (0.1ms)[0m  [1m[35mBEGIN[0m
  [1m[36mFlight Create (0.5ms)[0m  [1m[32mINSERT INTO "flights" ("flight_no", "origin", "destination", "date", "created_at", "updated_at") VALUES ($1, $2, $3, $4, $5, $6) RETURNING "id"[0m  [["flight_no", "JQ12"], ["origin", "Sydney"], ["destination", "London"], ["date", "2019-11-20 00:00:00"], ["created_at", "2019-11-19 22:49:09.988880"], ["updated_at", "2019-11-19 22:49:09.988880"]]
  [1m[35m (0.3ms)[0m  [1m[35mCOMMIT[0m
  [1m[35m (0.1ms)[0m  [1m[35mBEGIN[0m
  [1m[36mFlight Create (0.3ms)[0m  [1m[32mINSERT INTO "flights" ("flight_no", "origin", "destination", "date", "created_at", "updated_at") VALUES ($1, $2, $3, $4, $5, $6) RETURNING "id"[0m  [["flight_no", "NC09"], ["origin", "Hobart"], ["destination", "Gold Coast"], ["date", "2019-11-21 00:00:00"], ["created_at", "2019-11-19 22:49:09.997367"], ["updated_at", "2019-11-19 22:49:09.997367"]]
  [1m[35m (0.3ms)[0m  [1m[35mCOMMIT[0m
  [1m[35m (0.1ms)[0m  [1m[35mBEGIN[0m
  [1m[36mFlight Create (0.3ms)[0m  [1m[32mINSERT INTO "flights" ("flight_no", "origin", "destination", "date", "created_at", "updated_at") VALUES ($1, $2, $3, $4, $5, $6) RETURNING "id"[0m  [["flight_no", "KI23"], ["origin", "Hawaii"], ["destination", "Dublin"], ["date", "2019-11-19 00:00:00"], ["created_at", "2019-11-19 22:49:10.000543"], ["updated_at", "2019-11-19 22:49:10.000543"]]
  [1m[35m (0.4ms)[0m  [1m[35mCOMMIT[0m
  [1m[35m (0.1ms)[0m  [1m[35mBEGIN[0m
  [1m[36mFlight Create (0.3ms)[0m  [1m[32mINSERT INTO "flights" ("flight_no", "origin", "destination", "date", "created_at", "updated_at") VALUES ($1, $2, $3, $4, $5, $6) RETURNING "id"[0m  [["flight_no", "AB45"], ["origin", "Taipei"], ["destination", "Montreal"], ["date", "2019-11-24 00:00:00"], ["created_at", "2019-11-19 22:49:10.004030"], ["updated_at", "2019-11-19 22:49:10.004030"]]
  [1m[35m (0.3ms)[0m  [1m[35mCOMMIT[0m
  [1m[35m (0.1ms)[0m  [1m[35mBEGIN[0m
  [1m[36mFlight Create (0.3ms)[0m  [1m[32mINSERT INTO "flights" ("flight_no", "origin", "destination", "date", "created_at", "updated_at") VALUES ($1, $2, $3, $4, $5, $6) RETURNING "id"[0m  [["flight_no", "OP98"], ["origin", "Sydney"], ["destination", "London"], ["date", "2019-11-25 00:00:00"], ["created_at", "2019-11-19 22:49:10.007223"], ["updated_at", "2019-11-19 22:49:10.007223"]]
  [1m[35m (0.3ms)[0m  [1m[35mCOMMIT[0m
  [1m[35m (0.1ms)[0m  [1m[35mBEGIN[0m
  [1m[36mFlight Create (0.3ms)[0m  [1m[32mINSERT INTO "flights" ("flight_no", "origin", "destination", "date", "created_at", "updated_at") VALUES ($1, $2, $3, $4, $5, $6) RETURNING "id"[0m  [["flight_no", "TQ33"], ["origin", "London"], ["destination", "Sydney"], ["date", "2019-11-22 00:00:00"], ["created_at", "2019-11-19 22:49:10.010273"], ["updated_at", "2019-11-19 22:49:10.010273"]]
  [1m[35m (0.3ms)[0m  [1m[35mCOMMIT[0m
  [1m[35m (0.2ms)[0m  [1m[34mSELECT COUNT(*) FROM "flights"[0m
  [1m[36mReservation Load (0.5ms)[0m  [1m[34mSELECT "reservations".* FROM "reservations"[0m
  [1m[35m (0.1ms)[0m  [1m[35mBEGIN[0m
  [1m[36mReservation Create (0.5ms)[0m  [1m[32mINSERT INTO "reservations" ("row_no", "col_no", "created_at", "updated_at") VALUES ($1, $2, $3, $4) RETURNING "id"[0m  [["row_no", 2], ["col_no", 3], ["created_at", "2019-11-19 22:49:10.025640"], ["updated_at", "2019-11-19 22:49:10.025640"]]
  [1m[35m (0.3ms)[0m  [1m[35mCOMMIT[0m
  [1m[35m (0.1ms)[0m  [1m[35mBEGIN[0m
  [1m[36mReservation Create (0.3ms)[0m  [1m[32mINSERT INTO "reservations" ("row_no", "col_no", "created_at", "updated_at") VALUES ($1, $2, $3, $4) RETURNING "id"[0m  [["row_no", 4], ["col_no", 2], ["created_at", "2019-11-19 22:49:10.028989"], ["updated_at", "2019-11-19 22:49:10.028989"]]
  [1m[35m (0.3ms)[0m  [1m[35mCOMMIT[0m
  [1m[35m (0.1ms)[0m  [1m[35mBEGIN[0m
  [1m[36mReservation Create (0.3ms)[0m  [1m[32mINSERT INTO "reservations" ("row_no", "col_no", "created_at", "updated_at") VALUES ($1, $2, $3, $4) RETURNING "id"[0m  [["row_no", 5], ["col_no", 1], ["created_at", "2019-11-19 22:49:10.031772"], ["updated_at", "2019-11-19 22:49:10.031772"]]
  [1m[35m (0.3ms)[0m  [1m[35mCOMMIT[0m
  [1m[35m (0.1ms)[0m  [1m[35mBEGIN[0m
  [1m[36mReservation Create (0.4ms)[0m  [1m[32mINSERT INTO "reservations" ("row_no", "col_no", "created_at", "updated_at") VALUES ($1, $2, $3, $4) RETURNING "id"[0m  [["row_no", 4], ["col_no", 1], ["created_at", "2019-11-19 22:49:10.034793"], ["updated_at", "2019-11-19 22:49:10.034793"]]
  [1m[35m (0.3ms)[0m  [1m[35mCOMMIT[0m
  [1m[35m (0.1ms)[0m  [1m[35mBEGIN[0m
  [1m[36mReservation Create (0.3ms)[0m  [1m[32mINSERT INTO "reservations" ("row_no", "col_no", "created_at", "updated_at") VALUES ($1, $2, $3, $4) RETURNING "id"[0m  [["row_no", 1], ["col_no", 2], ["created_at", "2019-11-19 22:49:10.038264"], ["updated_at", "2019-11-19 22:49:10.038264"]]
  [1m[35m (0.3ms)[0m  [1m[35mCOMMIT[0m
  [1m[35m (0.1ms)[0m  [1m[35mBEGIN[0m
  [1m[36mReservation Create (0.3ms)[0m  [1m[32mINSERT INTO "reservations" ("row_no", "col_no", "created_at", "updated_at") VALUES ($1, $2, $3, $4) RETURNING "id"[0m  [["row_no", 6], ["col_no", 3], ["created_at", "2019-11-19 22:49:10.041175"], ["updated_at", "2019-11-19 22:49:10.041175"]]
  [1m[35m (0.3ms)[0m  [1m[35mCOMMIT[0m
  [1m[35m (0.1ms)[0m  [1m[35mBEGIN[0m
  [1m[36mReservation Update (0.5ms)[0m  [1m[33mUPDATE "reservations" SET "flight_id" = $1, "updated_at" = $2 WHERE "reservations"."id" = $3[0m  [["flight_id", 1], ["updated_at", "2019-11-19 22:49:10.057413"], ["id", 1]]
  [1m[35m (1.1ms)[0m  [1m[35mCOMMIT[0m
  [1m[35m (0.1ms)[0m  [1m[35mBEGIN[0m
  [1m[36mReservation Update (0.3ms)[0m  [1m[33mUPDATE "reservations" SET "flight_id" = $1, "updated_at" = $2 WHERE "reservations"."id" = $3[0m  [["flight_id", 1], ["updated_at", "2019-11-19 22:49:10.061894"], ["id", 2]]
  [1m[35m (0.3ms)[0m  [1m[35mCOMMIT[0m
  [1m[35m (0.1ms)[0m  [1m[35mBEGIN[0m
  [1m[36mReservation Update (0.3ms)[0m  [1m[33mUPDATE "reservations" SET "flight_id" = $1, "updated_at" = $2 WHERE "reservations"."id" = $3[0m  [["flight_id", 2], ["updated_at", "2019-11-19 22:49:10.064855"], ["id", 3]]
  [1m[35m (0.3ms)[0m  [1m[35mCOMMIT[0m
  [1m[35m (0.1ms)[0m  [1m[35mBEGIN[0m
  [1m[36mReservation Update (0.3ms)[0m  [1m[33mUPDATE "reservations" SET "flight_id" = $1, "updated_at" = $2 WHERE "reservations"."id" = $3[0m  [["flight_id", 2], ["updated_at", "2019-11-19 22:49:10.067705"], ["id", 4]]
  [1m[35m (0.3ms)[0m  [1m[35mCOMMIT[0m
  [1m[35m (0.1ms)[0m  [1m[35mBEGIN[0m
  [1m[36mReservation Update (0.3ms)[0m  [1m[33mUPDATE "reservations" SET "flight_id" = $1, "updated_at" = $2 WHERE "reservations"."id" = $3[0m  [["flight_id", 3], ["updated_at", "2019-11-19 22:49:10.070677"], ["id", 5]]
  [1m[35m (0.2ms)[0m  [1m[35mCOMMIT[0m
  [1m[35m (0.1ms)[0m  [1m[35mBEGIN[0m
  [1m[36mReservation Update (0.3ms)[0m  [1m[33mUPDATE "reservations" SET "flight_id" = $1, "updated_at" = $2 WHERE "reservations"."id" = $3[0m  [["flight_id", 3], ["updated_at", "2019-11-19 22:49:10.073445"], ["id", 6]]
  [1m[35m (0.3ms)[0m  [1m[35mCOMMIT[0m
  [1m[35m (0.1ms)[0m  [1m[35mBEGIN[0m
  [1m[36mFlight Update (0.3ms)[0m  [1m[33mUPDATE "flights" SET "plane_id" = $1, "updated_at" = $2 WHERE "flights"."id" = $3[0m  [["plane_id", 1], ["updated_at", "2019-11-19 22:49:10.076840"], ["id", 1]]
  [1m[35m (0.3ms)[0m  [1m[35mCOMMIT[0m
  [1m[35m (0.1ms)[0m  [1m[35mBEGIN[0m
  [1m[36mFlight Update (0.3ms)[0m  [1m[33mUPDATE "flights" SET "plane_id" = $1, "updated_at" = $2 WHERE "flights"."id" = $3[0m  [["plane_id", 1], ["updated_at", "2019-11-19 22:49:10.079754"], ["id", 2]]
  [1m[35m (0.3ms)[0m  [1m[35mCOMMIT[0m
  [1m[35m (0.1ms)[0m  [1m[35mBEGIN[0m
  [1m[36mFlight Update (0.3ms)[0m  [1m[33mUPDATE "flights" SET "plane_id" = $1, "updated_at" = $2 WHERE "flights"."id" = $3[0m  [["plane_id", 1], ["updated_at", "2019-11-19 22:49:10.082617"], ["id", 3]]
  [1m[35m (0.4ms)[0m  [1m[35mCOMMIT[0m
  [1m[35m (0.1ms)[0m  [1m[35mBEGIN[0m
  [1m[36mFlight Update (0.3ms)[0m  [1m[33mUPDATE "flights" SET "plane_id" = $1, "updated_at" = $2 WHERE "flights"."id" = $3[0m  [["plane_id", 2], ["updated_at", "2019-11-19 22:49:10.085943"], ["id", 4]]
  [1m[35m (0.3ms)[0m  [1m[35mCOMMIT[0m
  [1m[35m (0.1ms)[0m  [1m[35mBEGIN[0m
  [1m[36mFlight Update (0.3ms)[0m  [1m[33mUPDATE "flights" SET "plane_id" = $1, "updated_at" = $2 WHERE "flights"."id" = $3[0m  [["plane_id", 2], ["updated_at", "2019-11-19 22:49:10.089198"], ["id", 5]]
  [1m[35m (0.3ms)[0m  [1m[35mCOMMIT[0m
  [1m[35m (0.1ms)[0m  [1m[35mBEGIN[0m
  [1m[36mFlight Update (0.3ms)[0m  [1m[33mUPDATE "flights" SET "plane_id" = $1, "updated_at" = $2 WHERE "flights"."id" = $3[0m  [["plane_id", 2], ["updated_at", "2019-11-19 22:49:10.092164"], ["id", 6]]
  [1m[35m (0.3ms)[0m  [1m[35mCOMMIT[0m
  [1m[35m (0.1ms)[0m  [1m[35mBEGIN[0m
  [1m[36mReservation Update (0.3ms)[0m  [1m[33mUPDATE "reservations" SET "user_id" = $1, "updated_at" = $2 WHERE "reservations"."id" = $3[0m  [["user_id", 1], ["updated_at", "2019-11-19 22:49:10.095556"], ["id", 1]]
  [1m[35m (0.3ms)[0m  [1m[35mCOMMIT[0m
  [1m[35m (0.1ms)[0m  [1m[35mBEGIN[0m
  [1m[36mReservation Update (0.3ms)[0m  [1m[33mUPDATE "reservations" SET "user_id" = $1, "updated_at" = $2 WHERE "reservations"."id" = $3[0m  [["user_id", 1], ["updated_at", "2019-11-19 22:49:10.098496"], ["id", 2]]
  [1m[35m (0.3ms)[0m  [1m[35mCOMMIT[0m
  [1m[35m (0.3ms)[0m  [1m[35mBEGIN[0m
  [1m[36mReservation Update (0.3ms)[0m  [1m[33mUPDATE "reservations" SET "user_id" = $1, "updated_at" = $2 WHERE "reservations"."id" = $3[0m  [["user_id", 2], ["updated_at", "2019-11-19 22:49:10.102279"], ["id", 3]]
  [1m[35m (0.3ms)[0m  [1m[35mCOMMIT[0m
  [1m[35m (0.1ms)[0m  [1m[35mBEGIN[0m
  [1m[36mReservation Update (0.3ms)[0m  [1m[33mUPDATE "reservations" SET "user_id" = $1, "updated_at" = $2 WHERE "reservations"."id" = $3[0m  [["user_id", 2], ["updated_at", "2019-11-19 22:49:10.106680"], ["id", 4]]
  [1m[35m (0.3ms)[0m  [1m[35mCOMMIT[0m
  [1m[35m (0.1ms)[0m  [1m[35mBEGIN[0m
  [1m[36mReservation Update (0.3ms)[0m  [1m[33mUPDATE "reservations" SET "user_id" = $1, "updated_at" = $2 WHERE "reservations"."id" = $3[0m  [["user_id", 3], ["updated_at", "2019-11-19 22:49:10.109995"], ["id", 5]]
  [1m[35m (0.3ms)[0m  [1m[35mCOMMIT[0m
  [1m[35m (0.1ms)[0m  [1m[35mBEGIN[0m
  [1m[36mReservation Update (0.3ms)[0m  [1m[33mUPDATE "reservations" SET "user_id" = $1, "updated_at" = $2 WHERE "reservations"."id" = $3[0m  [["user_id", 3], ["updated_at", "2019-11-19 22:49:10.112983"], ["id", 6]]
  [1m[35m (0.3ms)[0m  [1m[35mCOMMIT[0m
Started GET "/" for ::1 at 2019-11-20 09:49:28 +1100
  [1m[35m (0.8ms)[0m  [1m[34mSELECT "schema_migrations"."version" FROM "schema_migrations" ORDER BY "schema_migrations"."version" ASC[0m
Processing by FlightsController#index as HTML
  Rendering flights/index.html.erb within layouts/application
  [1m[36mFlight Load (0.7ms)[0m  [1m[34mSELECT "flights".* FROM "flights"[0m
  ↳ app/views/flights/index.html.erb:18
  Rendered flights/index.html.erb within layouts/application (Duration: 19.9ms | Allocations: 8451)
[Webpacker] Compiling...
[Webpacker] Compiled all packs in /Users/jeffreyquan/Projects/burning-airlines-server-v2/public/packs
[Webpacker] Hash: 68c398a040b8873969b0
Version: webpack 4.41.2
Time: 585ms
Built at: 11/20/2019 9:49:30 AM
                                     Asset       Size       Chunks                         Chunk Names
    js/application-7c66b63ed59caf04d2f0.js   34.7 KiB  application  [emitted] [immutable]  application
js/application-7c66b63ed59caf04d2f0.js.map   38.3 KiB  application  [emitted] [dev]        application
                             manifest.json  364 bytes               [emitted]              
Entrypoint application = js/application-7c66b63ed59caf04d2f0.js js/application-7c66b63ed59caf04d2f0.js.map
[./app/javascript/packs/application.js] 653 bytes {application} [built]
[./node_modules/webpack/buildin/module.js] (webpack)/buildin/module.js 552 bytes {application} [built]
    + 1 hidden module

Completed 200 OK in 1754ms (Views: 1739.8ms | ActiveRecord: 6.2ms | Allocations: 42657)


Started GET "/" for ::1 at 2019-11-20 09:51:36 +1100
  [1m[35m (0.8ms)[0m  [1m[34mSELECT "schema_migrations"."version" FROM "schema_migrations" ORDER BY "schema_migrations"."version" ASC[0m
Processing by FlightsController#index as HTML
  Rendering flights/index.html.erb within layouts/application
  [1m[36mFlight Load (0.6ms)[0m  [1m[34mSELECT "flights".* FROM "flights"[0m
  ↳ app/views/flights/index.html.erb:18
  Rendered flights/index.html.erb within layouts/application (Duration: 27.5ms | Allocations: 8414)
[Webpacker] Everything's up-to-date. Nothing to do
Completed 200 OK in 51ms (Views: 38.2ms | ActiveRecord: 7.2ms | Allocations: 19415)


Started GET "/planes" for ::1 at 2019-11-20 09:51:38 +1100
Processing by PlanesController#index as HTML
  Rendering planes/index.html.erb within layouts/application
  [1m[36mPlane Load (0.6ms)[0m  [1m[34mSELECT "planes".* FROM "planes"[0m
  ↳ app/views/planes/index.html.erb:16
  Rendered planes/index.html.erb within layouts/application (Duration: 12.1ms | Allocations: 5834)
[Webpacker] Everything's up-to-date. Nothing to do
Completed 200 OK in 21ms (Views: 13.4ms | ActiveRecord: 4.9ms | Allocations: 11420)


Started GET "/flights" for ::1 at 2019-11-20 09:51:39 +1100
Processing by FlightsController#index as HTML
  Rendering flights/index.html.erb within layouts/application
  [1m[36mFlight Load (0.3ms)[0m  [1m[34mSELECT "flights".* FROM "flights"[0m
  ↳ app/views/flights/index.html.erb:18
  Rendered flights/index.html.erb within layouts/application (Duration: 3.1ms | Allocations: 2386)
[Webpacker] Everything's up-to-date. Nothing to do
Completed 200 OK in 8ms (Views: 7.9ms | ActiveRecord: 0.3ms | Allocations: 6348)


Started GET "/reservations" for ::1 at 2019-11-20 09:51:39 +1100
Processing by ReservationsController#index as HTML
  Rendering reservations/index.html.erb within layouts/application
  [1m[36mReservation Load (0.6ms)[0m  [1m[34mSELECT "reservations".* FROM "reservations"[0m
  ↳ app/views/reservations/index.html.erb:17
  Rendered reservations/index.html.erb within layouts/application (Duration: 12.6ms | Allocations: 7027)
[Webpacker] Everything's up-to-date. Nothing to do
Completed 200 OK in 20ms (Views: 13.6ms | ActiveRecord: 4.8ms | Allocations: 11991)


Started GET "/planes/new" for ::1 at 2019-11-20 09:51:41 +1100
Processing by PlanesController#new as HTML
  Rendering planes/new.html.erb within layouts/application
  Rendered planes/_form.html.erb (Duration: 22.3ms | Allocations: 8454)
  Rendered planes/new.html.erb within layouts/application (Duration: 23.2ms | Allocations: 8809)
[Webpacker] Everything's up-to-date. Nothing to do
Completed 200 OK in 29ms (Views: 28.4ms | ActiveRecord: 0.0ms | Allocations: 12925)


Started GET "/flights/new" for ::1 at 2019-11-20 09:51:42 +1100
Processing by FlightsController#new as HTML
  Rendering flights/new.html.erb within layouts/application
  Rendered flights/_form.html.erb (Duration: 6.5ms | Allocations: 5390)
  Rendered flights/new.html.erb within layouts/application (Duration: 7.3ms | Allocations: 5732)
[Webpacker] Everything's up-to-date. Nothing to do
Completed 200 OK in 13ms (Views: 12.5ms | ActiveRecord: 0.0ms | Allocations: 9825)


Started GET "/reservations/new" for ::1 at 2019-11-20 09:51:43 +1100
Processing by ReservationsController#new as HTML
  Rendering reservations/new.html.erb within layouts/application
  Rendered reservations/_form.html.erb (Duration: 2.5ms | Allocations: 2510)
  Rendered reservations/new.html.erb within layouts/application (Duration: 3.3ms | Allocations: 2853)
[Webpacker] Everything's up-to-date. Nothing to do
Completed 200 OK in 9ms (Views: 8.0ms | ActiveRecord: 0.0ms | Allocations: 6945)


Started GET "/planes" for ::1 at 2019-11-20 09:51:44 +1100
Processing by PlanesController#index as HTML
  Rendering planes/index.html.erb within layouts/application
  [1m[36mPlane Load (0.3ms)[0m  [1m[34mSELECT "planes".* FROM "planes"[0m
  ↳ app/views/planes/index.html.erb:16
  Rendered planes/index.html.erb within layouts/application (Duration: 2.1ms | Allocations: 1775)
[Webpacker] Everything's up-to-date. Nothing to do
Completed 200 OK in 8ms (Views: 7.4ms | ActiveRecord: 0.3ms | Allocations: 5728)


Started GET "/planes" for ::1 at 2019-11-20 09:53:06 +1100
Processing by PlanesController#index as HTML
  Rendering planes/index.html.erb within layouts/application
  [1m[36mPlane Load (0.4ms)[0m  [1m[34mSELECT "planes".* FROM "planes"[0m
  ↳ app/views/planes/index.html.erb:16
  Rendered planes/index.html.erb within layouts/application (Duration: 18.2ms | Allocations: 1754)
[Webpacker] Everything's up-to-date. Nothing to do
Completed 200 OK in 24ms (Views: 23.1ms | ActiveRecord: 0.4ms | Allocations: 5700)


Started GET "/flights" for ::1 at 2019-11-20 09:53:07 +1100
Processing by FlightsController#index as HTML
  Rendering flights/index.html.erb within layouts/application
  [1m[36mFlight Load (0.4ms)[0m  [1m[34mSELECT "flights".* FROM "flights"[0m
  ↳ app/views/flights/index.html.erb:18
  Rendered flights/index.html.erb within layouts/application (Duration: 3.3ms | Allocations: 2382)
[Webpacker] Everything's up-to-date. Nothing to do
Completed 200 OK in 9ms (Views: 8.2ms | ActiveRecord: 0.4ms | Allocations: 6335)


Started GET "/reservations" for ::1 at 2019-11-20 09:53:07 +1100
Processing by ReservationsController#index as HTML
  Rendering reservations/index.html.erb within layouts/application
  [1m[36mReservation Load (0.3ms)[0m  [1m[34mSELECT "reservations".* FROM "reservations"[0m
  ↳ app/views/reservations/index.html.erb:17
  Rendered reservations/index.html.erb within layouts/application (Duration: 2.6ms | Allocations: 2303)
[Webpacker] Everything's up-to-date. Nothing to do
Completed 200 OK in 8ms (Views: 7.5ms | ActiveRecord: 0.3ms | Allocations: 6248)


Started GET "/reservations" for ::1 at 2019-11-20 09:53:18 +1100
Processing by ReservationsController#index as HTML
  Rendering reservations/index.html.erb within layouts/application
  [1m[36mReservation Load (0.4ms)[0m  [1m[34mSELECT "reservations".* FROM "reservations"[0m
  ↳ app/views/reservations/index.html.erb:17
  Rendered reservations/index.html.erb within layouts/application (Duration: 2.8ms | Allocations: 2296)
[Webpacker] Everything's up-to-date. Nothing to do
Completed 200 OK in 8ms (Views: 7.8ms | ActiveRecord: 0.4ms | Allocations: 6241)


Started GET "/flights" for ::1 at 2019-11-20 09:53:21 +1100
Processing by FlightsController#index as HTML
  Rendering flights/index.html.erb within layouts/application
  [1m[36mFlight Load (0.4ms)[0m  [1m[34mSELECT "flights".* FROM "flights"[0m
  ↳ app/views/flights/index.html.erb:18
  Rendered flights/index.html.erb within layouts/application (Duration: 3.0ms | Allocations: 2369)
[Webpacker] Everything's up-to-date. Nothing to do
Completed 200 OK in 8ms (Views: 7.8ms | ActiveRecord: 0.4ms | Allocations: 6313)


Started GET "/planes" for ::1 at 2019-11-20 09:53:22 +1100
Processing by PlanesController#index as HTML
  Rendering planes/index.html.erb within layouts/application
  [1m[36mPlane Load (0.3ms)[0m  [1m[34mSELECT "planes".* FROM "planes"[0m
  ↳ app/views/planes/index.html.erb:16
  Rendered planes/index.html.erb within layouts/application (Duration: 2.0ms | Allocations: 1760)
[Webpacker] Everything's up-to-date. Nothing to do
Completed 200 OK in 7ms (Views: 6.7ms | ActiveRecord: 0.3ms | Allocations: 5704)


Started GET "/planes" for ::1 at 2019-11-20 09:53:50 +1100
Processing by PlanesController#index as HTML
  Rendering planes/index.html.erb within layouts/application
  [1m[36mPlane Load (0.7ms)[0m  [1m[34mSELECT "planes".* FROM "planes"[0m
  ↳ app/views/planes/index.html.erb:16
  Rendered planes/index.html.erb within layouts/application (Duration: 5.0ms | Allocations: 2029)
[Webpacker] Everything's up-to-date. Nothing to do
Completed 200 OK in 14ms (Views: 12.4ms | ActiveRecord: 0.7ms | Allocations: 6846)


Started GET "/users" for ::1 at 2019-11-20 09:53:51 +1100
Processing by UsersController#index as HTML
  Rendering users/index.html.erb within layouts/application
  [1m[36mUser Load (0.7ms)[0m  [1m[34mSELECT "users".* FROM "users"[0m
  ↳ app/views/users/index.html.erb:17
  Rendered users/index.html.erb within layouts/application (Duration: 12.7ms | Allocations: 7291)
[Webpacker] Everything's up-to-date. Nothing to do
Completed 200 OK in 21ms (Views: 13.5ms | ActiveRecord: 4.8ms | Allocations: 12954)


Started GET "/users" for ::1 at 2019-11-20 09:53:53 +1100
Processing by UsersController#index as HTML
  Rendering users/index.html.erb within layouts/application
  [1m[36mUser Load (0.3ms)[0m  [1m[34mSELECT "users".* FROM "users"[0m
  ↳ app/views/users/index.html.erb:17
  Rendered users/index.html.erb within layouts/application (Duration: 2.2ms | Allocations: 1898)
[Webpacker] Everything's up-to-date. Nothing to do
Completed 200 OK in 8ms (Views: 7.2ms | ActiveRecord: 0.3ms | Allocations: 5868)


Started GET "/users" for ::1 at 2019-11-20 09:53:54 +1100
Processing by UsersController#index as HTML
  Rendering users/index.html.erb within layouts/application
  [1m[36mUser Load (0.3ms)[0m  [1m[34mSELECT "users".* FROM "users"[0m
  ↳ app/views/users/index.html.erb:17
  Rendered users/index.html.erb within layouts/application (Duration: 2.2ms | Allocations: 1912)
[Webpacker] Everything's up-to-date. Nothing to do
Completed 200 OK in 8ms (Views: 7.0ms | ActiveRecord: 0.3ms | Allocations: 5878)


Started GET "/users" for ::1 at 2019-11-20 09:53:54 +1100
Processing by UsersController#index as HTML
  Rendering users/index.html.erb within layouts/application
  [1m[36mUser Load (0.3ms)[0m  [1m[34mSELECT "users".* FROM "users"[0m
  ↳ app/views/users/index.html.erb:17
  Rendered users/index.html.erb within layouts/application (Duration: 2.4ms | Allocations: 1896)
[Webpacker] Everything's up-to-date. Nothing to do
Completed 200 OK in 8ms (Views: 7.3ms | ActiveRecord: 0.3ms | Allocations: 5864)


Started GET "/users" for ::1 at 2019-11-20 09:53:54 +1100
Processing by UsersController#index as HTML
  Rendering users/index.html.erb within layouts/application
  [1m[36mUser Load (0.3ms)[0m  [1m[34mSELECT "users".* FROM "users"[0m
  ↳ app/views/users/index.html.erb:17
  Rendered users/index.html.erb within layouts/application (Duration: 1.9ms | Allocations: 1900)
[Webpacker] Everything's up-to-date. Nothing to do
Completed 200 OK in 7ms (Views: 6.4ms | ActiveRecord: 0.3ms | Allocations: 5866)


Started GET "/users" for ::1 at 2019-11-20 09:53:54 +1100
Processing by UsersController#index as HTML
  Rendering users/index.html.erb within layouts/application
  [1m[36mUser Load (0.3ms)[0m  [1m[34mSELECT "users".* FROM "users"[0m
  ↳ app/views/users/index.html.erb:17
  Rendered users/index.html.erb within layouts/application (Duration: 1.9ms | Allocations: 1898)
[Webpacker] Everything's up-to-date. Nothing to do
Completed 200 OK in 7ms (Views: 6.5ms | ActiveRecord: 0.3ms | Allocations: 5864)


Started GET "/users" for ::1 at 2019-11-20 09:53:55 +1100
Processing by UsersController#index as HTML
  Rendering users/index.html.erb within layouts/application
  [1m[36mUser Load (0.3ms)[0m  [1m[34mSELECT "users".* FROM "users"[0m
  ↳ app/views/users/index.html.erb:17
  Rendered users/index.html.erb within layouts/application (Duration: 2.0ms | Allocations: 1902)
[Webpacker] Everything's up-to-date. Nothing to do
Completed 200 OK in 7ms (Views: 6.7ms | ActiveRecord: 0.3ms | Allocations: 5868)


Started GET "/users" for ::1 at 2019-11-20 09:53:55 +1100
Processing by UsersController#index as HTML
  Rendering users/index.html.erb within layouts/application
  [1m[36mUser Load (0.3ms)[0m  [1m[34mSELECT "users".* FROM "users"[0m
  ↳ app/views/users/index.html.erb:17
  Rendered users/index.html.erb within layouts/application (Duration: 2.0ms | Allocations: 1898)
[Webpacker] Everything's up-to-date. Nothing to do
Completed 200 OK in 7ms (Views: 6.7ms | ActiveRecord: 0.3ms | Allocations: 5867)


Started GET "/users" for ::1 at 2019-11-20 09:53:55 +1100
Processing by UsersController#index as HTML
  Rendering users/index.html.erb within layouts/application
  [1m[36mUser Load (0.4ms)[0m  [1m[34mSELECT "users".* FROM "users"[0m
  ↳ app/views/users/index.html.erb:17
  Rendered users/index.html.erb within layouts/application (Duration: 2.1ms | Allocations: 1898)
[Webpacker] Everything's up-to-date. Nothing to do
Completed 200 OK in 7ms (Views: 6.8ms | ActiveRecord: 0.4ms | Allocations: 5864)


Started GET "/users" for ::1 at 2019-11-20 09:53:55 +1100
Processing by UsersController#index as HTML
  Rendering users/index.html.erb within layouts/application
  [1m[36mUser Load (0.3ms)[0m  [1m[34mSELECT "users".* FROM "users"[0m
  ↳ app/views/users/index.html.erb:17
  Rendered users/index.html.erb within layouts/application (Duration: 1.9ms | Allocations: 1910)
[Webpacker] Everything's up-to-date. Nothing to do
Completed 200 OK in 7ms (Views: 6.6ms | ActiveRecord: 0.3ms | Allocations: 5876)


Started GET "/users" for ::1 at 2019-11-20 09:53:55 +1100
Processing by UsersController#index as HTML
  Rendering users/index.html.erb within layouts/application
  [1m[36mUser Load (0.3ms)[0m  [1m[34mSELECT "users".* FROM "users"[0m
  ↳ app/views/users/index.html.erb:17
  Rendered users/index.html.erb within layouts/application (Duration: 2.3ms | Allocations: 1910)
[Webpacker] Everything's up-to-date. Nothing to do
Completed 200 OK in 8ms (Views: 7.1ms | ActiveRecord: 0.3ms | Allocations: 5876)


Started GET "/users" for ::1 at 2019-11-20 09:53:55 +1100
Processing by UsersController#index as HTML
  Rendering users/index.html.erb within layouts/application
  [1m[36mUser Load (0.3ms)[0m  [1m[34mSELECT "users".* FROM "users"[0m
  ↳ app/views/users/index.html.erb:17
  Rendered users/index.html.erb within layouts/application (Duration: 1.9ms | Allocations: 1906)
[Webpacker] Everything's up-to-date. Nothing to do
Completed 200 OK in 7ms (Views: 6.6ms | ActiveRecord: 0.3ms | Allocations: 5872)


Started GET "/users" for ::1 at 2019-11-20 09:53:55 +1100
Processing by UsersController#index as HTML
  Rendering users/index.html.erb within layouts/application
  [1m[36mUser Load (0.3ms)[0m  [1m[34mSELECT "users".* FROM "users"[0m
  ↳ app/views/users/index.html.erb:17
  Rendered users/index.html.erb within layouts/application (Duration: 2.0ms | Allocations: 1906)
[Webpacker] Everything's up-to-date. Nothing to do
Completed 200 OK in 7ms (Views: 6.8ms | ActiveRecord: 0.3ms | Allocations: 5872)


Started GET "/users" for ::1 at 2019-11-20 09:53:59 +1100
Processing by UsersController#index as HTML
  Rendering users/index.html.erb within layouts/application
  [1m[36mUser Load (0.4ms)[0m  [1m[34mSELECT "users".* FROM "users"[0m
  ↳ app/views/users/index.html.erb:17
  Rendered users/index.html.erb within layouts/application (Duration: 2.7ms | Allocations: 1904)
[Webpacker] Everything's up-to-date. Nothing to do
Completed 200 OK in 8ms (Views: 7.4ms | ActiveRecord: 0.4ms | Allocations: 5870)


Started GET "/planes" for ::1 at 2019-11-20 09:54:00 +1100
Processing by PlanesController#index as HTML
  Rendering planes/index.html.erb within layouts/application
  [1m[36mPlane Load (0.3ms)[0m  [1m[34mSELECT "planes".* FROM "planes"[0m
  ↳ app/views/planes/index.html.erb:16
  Rendered planes/index.html.erb within layouts/application (Duration: 2.3ms | Allocations: 1771)
[Webpacker] Everything's up-to-date. Nothing to do
Completed 200 OK in 17ms (Views: 16.2ms | ActiveRecord: 0.3ms | Allocations: 5750)


Started GET "/users" for ::1 at 2019-11-20 09:54:01 +1100
Processing by UsersController#index as HTML
  Rendering users/index.html.erb within layouts/application
  [1m[36mUser Load (0.3ms)[0m  [1m[34mSELECT "users".* FROM "users"[0m
  ↳ app/views/users/index.html.erb:17
  Rendered users/index.html.erb within layouts/application (Duration: 2.2ms | Allocations: 1908)
[Webpacker] Everything's up-to-date. Nothing to do
Completed 200 OK in 8ms (Views: 7.2ms | ActiveRecord: 0.3ms | Allocations: 5875)


Started GET "/" for ::1 at 2019-11-20 09:59:54 +1100
  [1m[35m (0.8ms)[0m  [1m[34mSELECT "schema_migrations"."version" FROM "schema_migrations" ORDER BY "schema_migrations"."version" ASC[0m
Processing by FlightsController#index as HTML
  Rendering flights/index.html.erb within layouts/application
  [1m[36mFlight Load (0.7ms)[0m  [1m[34mSELECT "flights".* FROM "flights"[0m
  ↳ app/views/flights/index.html.erb:18
  Rendered flights/index.html.erb within layouts/application (Duration: 18.8ms | Allocations: 8388)
[Webpacker] Everything's up-to-date. Nothing to do
Completed 200 OK in 41ms (Views: 29.5ms | ActiveRecord: 6.4ms | Allocations: 19424)


Started GET "/flights" for ::1 at 2019-11-20 09:59:56 +1100
Processing by FlightsController#index as HTML
  Rendering flights/index.html.erb within layouts/application
  [1m[36mFlight Load (0.4ms)[0m  [1m[34mSELECT "flights".* FROM "flights"[0m
  ↳ app/views/flights/index.html.erb:18
  Rendered flights/index.html.erb within layouts/application (Duration: 3.4ms | Allocations: 2387)
[Webpacker] Everything's up-to-date. Nothing to do
Completed 200 OK in 9ms (Views: 8.5ms | ActiveRecord: 0.4ms | Allocations: 6363)


Started GET "/flights.json" for ::1 at 2019-11-20 10:00:00 +1100
Processing by FlightsController#index as JSON
  Rendering flights/index.json.jbuilder
  [1m[36mFlight Load (0.4ms)[0m  [1m[34mSELECT "flights".* FROM "flights"[0m
  ↳ app/views/flights/index.json.jbuilder:1
  Rendered flights/_flight.json.jbuilder (Duration: 0.6ms | Allocations: 194)
  Rendered flights/_flight.json.jbuilder (Duration: 0.2ms | Allocations: 93)
  Rendered flights/_flight.json.jbuilder (Duration: 0.2ms | Allocations: 93)
  Rendered flights/_flight.json.jbuilder (Duration: 0.2ms | Allocations: 93)
  Rendered flights/_flight.json.jbuilder (Duration: 0.2ms | Allocations: 93)
  Rendered flights/_flight.json.jbuilder (Duration: 0.1ms | Allocations: 93)
  Rendered flights/index.json.jbuilder (Duration: 5.1ms | Allocations: 2944)
Completed 200 OK in 7ms (Views: 5.8ms | ActiveRecord: 0.4ms | Allocations: 3668)


Started GET "/flights.json?origin=%22Hawaii%22" for ::1 at 2019-11-20 10:00:09 +1100
Processing by FlightsController#index as JSON
  Parameters: {"origin"=>"\"Hawaii\""}
  Rendering flights/index.json.jbuilder
  [1m[36mFlight Load (0.5ms)[0m  [1m[34mSELECT "flights".* FROM "flights"[0m
  ↳ app/views/flights/index.json.jbuilder:1
  Rendered flights/_flight.json.jbuilder (Duration: 0.3ms | Allocations: 116)
  Rendered flights/_flight.json.jbuilder (Duration: 0.2ms | Allocations: 93)
  Rendered flights/_flight.json.jbuilder (Duration: 0.1ms | Allocations: 93)
  Rendered flights/_flight.json.jbuilder (Duration: 0.1ms | Allocations: 93)
  Rendered flights/_flight.json.jbuilder (Duration: 0.1ms | Allocations: 93)
  Rendered flights/_flight.json.jbuilder (Duration: 0.2ms | Allocations: 93)
  Rendered flights/index.json.jbuilder (Duration: 4.5ms | Allocations: 2650)
Completed 200 OK in 6ms (Views: 4.9ms | ActiveRecord: 0.5ms | Allocations: 2942)


Started GET "/flights.json?origin=Hawaii" for ::1 at 2019-11-20 10:00:16 +1100
Processing by FlightsController#index as JSON
  Parameters: {"origin"=>"Hawaii"}
  Rendering flights/index.json.jbuilder
  [1m[36mFlight Load (0.6ms)[0m  [1m[34mSELECT "flights".* FROM "flights"[0m
  ↳ app/views/flights/index.json.jbuilder:1
  Rendered flights/_flight.json.jbuilder (Duration: 0.3ms | Allocations: 116)
  Rendered flights/_flight.json.jbuilder (Duration: 0.2ms | Allocations: 93)
  Rendered flights/_flight.json.jbuilder (Duration: 0.2ms | Allocations: 93)
  Rendered flights/_flight.json.jbuilder (Duration: 0.1ms | Allocations: 93)
  Rendered flights/_flight.json.jbuilder (Duration: 0.2ms | Allocations: 93)
  Rendered flights/_flight.json.jbuilder (Duration: 0.1ms | Allocations: 93)
  Rendered flights/index.json.jbuilder (Duration: 4.4ms | Allocations: 2640)
Completed 200 OK in 6ms (Views: 4.7ms | ActiveRecord: 0.6ms | Allocations: 2923)


Started GET "/flights.json?origin=Hawaii" for ::1 at 2019-11-20 10:00:20 +1100
Processing by FlightsController#index as JSON
  Parameters: {"origin"=>"Hawaii"}
  Rendering flights/index.json.jbuilder
  [1m[36mFlight Load (0.4ms)[0m  [1m[34mSELECT "flights".* FROM "flights"[0m
  ↳ app/views/flights/index.json.jbuilder:1
  Rendered flights/_flight.json.jbuilder (Duration: 0.3ms | Allocations: 116)
  Rendered flights/_flight.json.jbuilder (Duration: 0.2ms | Allocations: 93)
  Rendered flights/_flight.json.jbuilder (Duration: 0.2ms | Allocations: 93)
  Rendered flights/_flight.json.jbuilder (Duration: 0.2ms | Allocations: 93)
  Rendered flights/_flight.json.jbuilder (Duration: 0.1ms | Allocations: 93)
  Rendered flights/_flight.json.jbuilder (Duration: 0.1ms | Allocations: 93)
  Rendered flights/index.json.jbuilder (Duration: 4.1ms | Allocations: 2640)
Completed 200 OK in 5ms (Views: 4.1ms | ActiveRecord: 0.4ms | Allocations: 2923)


Started GET "/flights.json?%22origin%22=%22Hawaii%22" for ::1 at 2019-11-20 10:00:31 +1100
Processing by FlightsController#index as JSON
  Parameters: {"\"origin\""=>"\"Hawaii\""}
  Rendering flights/index.json.jbuilder
  [1m[36mFlight Load (0.6ms)[0m  [1m[34mSELECT "flights".* FROM "flights"[0m
  ↳ app/views/flights/index.json.jbuilder:1
  Rendered flights/_flight.json.jbuilder (Duration: 0.3ms | Allocations: 116)
  Rendered flights/_flight.json.jbuilder (Duration: 0.2ms | Allocations: 93)
  Rendered flights/_flight.json.jbuilder (Duration: 0.2ms | Allocations: 93)
  Rendered flights/_flight.json.jbuilder (Duration: 0.2ms | Allocations: 93)
  Rendered flights/_flight.json.jbuilder (Duration: 0.2ms | Allocations: 93)
  Rendered flights/_flight.json.jbuilder (Duration: 0.2ms | Allocations: 93)
  Rendered flights/index.json.jbuilder (Duration: 5.1ms | Allocations: 2640)
Completed 200 OK in 6ms (Views: 5.3ms | ActiveRecord: 0.6ms | Allocations: 2923)


Started GET "/flights.json?origin=Hawaii" for ::1 at 2019-11-20 10:00:39 +1100
Processing by FlightsController#index as JSON
  Parameters: {"origin"=>"Hawaii"}
  Rendering flights/index.json.jbuilder
  [1m[36mFlight Load (0.4ms)[0m  [1m[34mSELECT "flights".* FROM "flights"[0m
  ↳ app/views/flights/index.json.jbuilder:1
  Rendered flights/_flight.json.jbuilder (Duration: 0.4ms | Allocations: 116)
  Rendered flights/_flight.json.jbuilder (Duration: 0.2ms | Allocations: 93)
  Rendered flights/_flight.json.jbuilder (Duration: 0.2ms | Allocations: 93)
  Rendered flights/_flight.json.jbuilder (Duration: 0.2ms | Allocations: 93)
  Rendered flights/_flight.json.jbuilder (Duration: 0.1ms | Allocations: 93)
  Rendered flights/_flight.json.jbuilder (Duration: 0.1ms | Allocations: 93)
  Rendered flights/index.json.jbuilder (Duration: 4.5ms | Allocations: 2640)
Completed 200 OK in 6ms (Views: 4.8ms | ActiveRecord: 0.4ms | Allocations: 2923)


Started GET "/flights.json?origin=Hawaii" for ::1 at 2019-11-20 10:00:48 +1100
Processing by FlightsController#index as JSON
  Parameters: {"origin"=>"Hawaii"}
  Rendering flights/index.json.jbuilder
  [1m[36mFlight Load (0.4ms)[0m  [1m[34mSELECT "flights".* FROM "flights"[0m
  ↳ app/views/flights/index.json.jbuilder:1
  Rendered flights/_flight.json.jbuilder (Duration: 0.3ms | Allocations: 116)
  Rendered flights/_flight.json.jbuilder (Duration: 0.2ms | Allocations: 93)
  Rendered flights/_flight.json.jbuilder (Duration: 0.2ms | Allocations: 93)
  Rendered flights/_flight.json.jbuilder (Duration: 0.1ms | Allocations: 93)
  Rendered flights/_flight.json.jbuilder (Duration: 0.2ms | Allocations: 93)
  Rendered flights/_flight.json.jbuilder (Duration: 0.1ms | Allocations: 93)
  Rendered flights/index.json.jbuilder (Duration: 4.0ms | Allocations: 2640)
Completed 200 OK in 5ms (Views: 4.0ms | ActiveRecord: 0.4ms | Allocations: 2923)


Started GET "/flights.json?origin:Hawaii" for ::1 at 2019-11-20 10:00:57 +1100
Processing by FlightsController#index as JSON
  Parameters: {"origin:Hawaii"=>nil}
  Rendering flights/index.json.jbuilder
  [1m[36mFlight Load (0.5ms)[0m  [1m[34mSELECT "flights".* FROM "flights"[0m
  ↳ app/views/flights/index.json.jbuilder:1
  Rendered flights/_flight.json.jbuilder (Duration: 0.3ms | Allocations: 116)
  Rendered flights/_flight.json.jbuilder (Duration: 0.2ms | Allocations: 93)
  Rendered flights/_flight.json.jbuilder (Duration: 0.1ms | Allocations: 93)
  Rendered flights/_flight.json.jbuilder (Duration: 0.1ms | Allocations: 93)
  Rendered flights/_flight.json.jbuilder (Duration: 0.1ms | Allocations: 93)
  Rendered flights/_flight.json.jbuilder (Duration: 0.1ms | Allocations: 93)
  Rendered flights/index.json.jbuilder (Duration: 4.4ms | Allocations: 2650)
Completed 200 OK in 5ms (Views: 4.5ms | ActiveRecord: 0.5ms | Allocations: 2942)


Started GET "/flights.json" for ::1 at 2019-11-20 10:01:02 +1100
Processing by FlightsController#index as JSON
  Rendering flights/index.json.jbuilder
  [1m[36mFlight Load (0.7ms)[0m  [1m[34mSELECT "flights".* FROM "flights"[0m
  ↳ app/views/flights/index.json.jbuilder:1
  Rendered flights/_flight.json.jbuilder (Duration: 0.3ms | Allocations: 116)
  Rendered flights/_flight.json.jbuilder (Duration: 0.2ms | Allocations: 93)
  Rendered flights/_flight.json.jbuilder (Duration: 0.2ms | Allocations: 93)
  Rendered flights/_flight.json.jbuilder (Duration: 0.2ms | Allocations: 93)
  Rendered flights/_flight.json.jbuilder (Duration: 0.2ms | Allocations: 93)
  Rendered flights/_flight.json.jbuilder (Duration: 0.2ms | Allocations: 93)
  Rendered flights/index.json.jbuilder (Duration: 5.0ms | Allocations: 2640)
Completed 200 OK in 6ms (Views: 4.8ms | ActiveRecord: 0.7ms | Allocations: 2923)


Started GET "/flights.json?origin=%27hawaii%27" for ::1 at 2019-11-20 10:01:14 +1100
Processing by FlightsController#index as JSON
  Parameters: {"origin"=>"'hawaii'"}
  Rendering flights/index.json.jbuilder
  [1m[36mFlight Load (0.4ms)[0m  [1m[34mSELECT "flights".* FROM "flights"[0m
  ↳ app/views/flights/index.json.jbuilder:1
  Rendered flights/_flight.json.jbuilder (Duration: 0.3ms | Allocations: 116)
  Rendered flights/_flight.json.jbuilder (Duration: 0.2ms | Allocations: 93)
  Rendered flights/_flight.json.jbuilder (Duration: 0.2ms | Allocations: 93)
  Rendered flights/_flight.json.jbuilder (Duration: 0.1ms | Allocations: 93)
  Rendered flights/_flight.json.jbuilder (Duration: 0.1ms | Allocations: 93)
  Rendered flights/_flight.json.jbuilder (Duration: 0.1ms | Allocations: 93)
  Rendered flights/index.json.jbuilder (Duration: 3.9ms | Allocations: 2640)
Completed 200 OK in 5ms (Views: 4.0ms | ActiveRecord: 0.4ms | Allocations: 2923)


Started GET "/flights.json" for ::1 at 2019-11-20 10:03:56 +1100
Processing by FlightsController#index as JSON
  Rendering flights/index.json.jbuilder
  [1m[36mFlight Load (0.6ms)[0m  [1m[34mSELECT "flights".* FROM "flights"[0m
  ↳ app/views/flights/index.json.jbuilder:1
  Rendered flights/_flight.json.jbuilder (Duration: 0.3ms | Allocations: 116)
  Rendered flights/_flight.json.jbuilder (Duration: 0.2ms | Allocations: 93)
  Rendered flights/_flight.json.jbuilder (Duration: 0.2ms | Allocations: 93)
  Rendered flights/_flight.json.jbuilder (Duration: 0.2ms | Allocations: 93)
  Rendered flights/_flight.json.jbuilder (Duration: 0.1ms | Allocations: 93)
  Rendered flights/_flight.json.jbuilder (Duration: 0.1ms | Allocations: 93)
  Rendered flights/index.json.jbuilder (Duration: 4.7ms | Allocations: 2640)
Completed 200 OK in 5ms (Views: 4.6ms | ActiveRecord: 0.6ms | Allocations: 2923)


Started GET "/flights.json?origin=Hawaii" for ::1 at 2019-11-20 10:03:59 +1100
Processing by FlightsController#index as JSON
  Parameters: {"origin"=>"Hawaii"}
  Rendering flights/index.json.jbuilder
  [1m[36mFlight Load (0.4ms)[0m  [1m[34mSELECT "flights".* FROM "flights"[0m
  ↳ app/views/flights/index.json.jbuilder:1
  Rendered flights/_flight.json.jbuilder (Duration: 0.3ms | Allocations: 116)
  Rendered flights/_flight.json.jbuilder (Duration: 0.2ms | Allocations: 93)
  Rendered flights/_flight.json.jbuilder (Duration: 0.1ms | Allocations: 93)
  Rendered flights/_flight.json.jbuilder (Duration: 0.1ms | Allocations: 93)
  Rendered flights/_flight.json.jbuilder (Duration: 0.1ms | Allocations: 93)
  Rendered flights/_flight.json.jbuilder (Duration: 0.1ms | Allocations: 93)
  Rendered flights/index.json.jbuilder (Duration: 4.1ms | Allocations: 2640)
Completed 200 OK in 5ms (Views: 4.1ms | ActiveRecord: 0.4ms | Allocations: 2924)


Started GET "/flights.json" for ::1 at 2019-11-20 10:04:02 +1100
Processing by FlightsController#index as JSON
  Rendering flights/index.json.jbuilder
  [1m[36mFlight Load (0.4ms)[0m  [1m[34mSELECT "flights".* FROM "flights"[0m
  ↳ app/views/flights/index.json.jbuilder:1
  Rendered flights/_flight.json.jbuilder (Duration: 0.3ms | Allocations: 116)
  Rendered flights/_flight.json.jbuilder (Duration: 0.3ms | Allocations: 93)
  Rendered flights/_flight.json.jbuilder (Duration: 0.2ms | Allocations: 93)
  Rendered flights/_flight.json.jbuilder (Duration: 0.1ms | Allocations: 93)
  Rendered flights/_flight.json.jbuilder (Duration: 0.1ms | Allocations: 93)
  Rendered flights/_flight.json.jbuilder (Duration: 0.1ms | Allocations: 93)
  Rendered flights/index.json.jbuilder (Duration: 4.5ms | Allocations: 2640)
Completed 200 OK in 5ms (Views: 4.5ms | ActiveRecord: 0.4ms | Allocations: 2923)


Started GET "/flights.json?origin=%22London:" for ::1 at 2019-11-20 10:04:13 +1100
Processing by FlightsController#index as JSON
  Parameters: {"origin"=>"\"London:"}
  Rendering flights/index.json.jbuilder
  [1m[36mFlight Load (0.5ms)[0m  [1m[34mSELECT "flights".* FROM "flights"[0m
  ↳ app/views/flights/index.json.jbuilder:1
  Rendered flights/_flight.json.jbuilder (Duration: 0.3ms | Allocations: 116)
  Rendered flights/_flight.json.jbuilder (Duration: 0.2ms | Allocations: 93)
  Rendered flights/_flight.json.jbuilder (Duration: 0.2ms | Allocations: 93)
  Rendered flights/_flight.json.jbuilder (Duration: 0.2ms | Allocations: 93)
  Rendered flights/_flight.json.jbuilder (Duration: 0.2ms | Allocations: 93)
  Rendered flights/_flight.json.jbuilder (Duration: 0.1ms | Allocations: 93)
  Rendered flights/index.json.jbuilder (Duration: 4.2ms | Allocations: 2640)
Completed 200 OK in 5ms (Views: 4.0ms | ActiveRecord: 0.5ms | Allocations: 2923)


Started GET "/flights.json?origin=%22London%22" for ::1 at 2019-11-20 10:04:16 +1100
Processing by FlightsController#index as JSON
  Parameters: {"origin"=>"\"London\""}
  Rendering flights/index.json.jbuilder
  [1m[36mFlight Load (0.4ms)[0m  [1m[34mSELECT "flights".* FROM "flights"[0m
  ↳ app/views/flights/index.json.jbuilder:1
  Rendered flights/_flight.json.jbuilder (Duration: 0.3ms | Allocations: 116)
  Rendered flights/_flight.json.jbuilder (Duration: 0.2ms | Allocations: 93)
  Rendered flights/_flight.json.jbuilder (Duration: 0.1ms | Allocations: 93)
  Rendered flights/_flight.json.jbuilder (Duration: 0.1ms | Allocations: 93)
  Rendered flights/_flight.json.jbuilder (Duration: 0.1ms | Allocations: 93)
  Rendered flights/_flight.json.jbuilder (Duration: 0.1ms | Allocations: 93)
  Rendered flights/index.json.jbuilder (Duration: 3.8ms | Allocations: 2640)
Completed 200 OK in 4ms (Views: 3.8ms | ActiveRecord: 0.4ms | Allocations: 2923)


Started GET "/flights.json?origin=London" for ::1 at 2019-11-20 10:04:30 +1100
Processing by FlightsController#index as JSON
  Parameters: {"origin"=>"London"}
  Rendering flights/index.json.jbuilder
  [1m[36mFlight Load (0.6ms)[0m  [1m[34mSELECT "flights".* FROM "flights"[0m
  ↳ app/views/flights/index.json.jbuilder:1
  Rendered flights/_flight.json.jbuilder (Duration: 0.3ms | Allocations: 116)
  Rendered flights/_flight.json.jbuilder (Duration: 0.2ms | Allocations: 93)
  Rendered flights/_flight.json.jbuilder (Duration: 0.2ms | Allocations: 93)
  Rendered flights/_flight.json.jbuilder (Duration: 0.1ms | Allocations: 93)
  Rendered flights/_flight.json.jbuilder (Duration: 0.1ms | Allocations: 93)
  Rendered flights/_flight.json.jbuilder (Duration: 0.1ms | Allocations: 93)
  Rendered flights/index.json.jbuilder (Duration: 4.1ms | Allocations: 2640)
Completed 200 OK in 5ms (Views: 4.0ms | ActiveRecord: 0.6ms | Allocations: 2923)


Started GET "/flights.json?origin=London" for ::1 at 2019-11-20 10:04:35 +1100
Processing by FlightsController#index as JSON
  Parameters: {"origin"=>"London"}
  Rendering flights/index.json.jbuilder
  [1m[36mFlight Load (0.3ms)[0m  [1m[34mSELECT "flights".* FROM "flights"[0m
  ↳ app/views/flights/index.json.jbuilder:1
  Rendered flights/_flight.json.jbuilder (Duration: 0.3ms | Allocations: 116)
  Rendered flights/_flight.json.jbuilder (Duration: 0.2ms | Allocations: 93)
  Rendered flights/_flight.json.jbuilder (Duration: 0.1ms | Allocations: 93)
  Rendered flights/_flight.json.jbuilder (Duration: 0.1ms | Allocations: 93)
  Rendered flights/_flight.json.jbuilder (Duration: 0.1ms | Allocations: 93)
  Rendered flights/_flight.json.jbuilder (Duration: 0.1ms | Allocations: 93)
  Rendered flights/index.json.jbuilder (Duration: 3.6ms | Allocations: 2640)
Completed 200 OK in 4ms (Views: 3.7ms | ActiveRecord: 0.3ms | Allocations: 2923)


Started GET "/flights.json?origin=London&" for ::1 at 2019-11-20 10:08:16 +1100
Processing by FlightsController#index as JSON
  Parameters: {"origin"=>"London"}
  Rendering flights/index.json.jbuilder
  [1m[36mFlight Load (0.6ms)[0m  [1m[34mSELECT "flights".* FROM "flights"[0m
  ↳ app/views/flights/index.json.jbuilder:1
  Rendered flights/_flight.json.jbuilder (Duration: 0.3ms | Allocations: 116)
  Rendered flights/_flight.json.jbuilder (Duration: 0.1ms | Allocations: 93)
  Rendered flights/_flight.json.jbuilder (Duration: 0.1ms | Allocations: 93)
  Rendered flights/_flight.json.jbuilder (Duration: 0.1ms | Allocations: 93)
  Rendered flights/_flight.json.jbuilder (Duration: 0.1ms | Allocations: 93)
  Rendered flights/_flight.json.jbuilder (Duration: 0.1ms | Allocations: 93)
  Rendered flights/index.json.jbuilder (Duration: 3.9ms | Allocations: 2640)
Completed 200 OK in 5ms (Views: 3.7ms | ActiveRecord: 0.6ms | Allocations: 2923)


Started GET "/flights.json?origin" for ::1 at 2019-11-20 10:08:22 +1100
Processing by FlightsController#index as JSON
  Parameters: {"origin"=>nil}
  Rendering flights/index.json.jbuilder
  [1m[36mFlight Load (0.4ms)[0m  [1m[34mSELECT "flights".* FROM "flights"[0m
  ↳ app/views/flights/index.json.jbuilder:1
  Rendered flights/_flight.json.jbuilder (Duration: 0.3ms | Allocations: 116)
  Rendered flights/_flight.json.jbuilder (Duration: 0.3ms | Allocations: 93)
  Rendered flights/_flight.json.jbuilder (Duration: 0.2ms | Allocations: 93)
  Rendered flights/_flight.json.jbuilder (Duration: 0.2ms | Allocations: 93)
  Rendered flights/_flight.json.jbuilder (Duration: 0.2ms | Allocations: 93)
  Rendered flights/_flight.json.jbuilder (Duration: 0.2ms | Allocations: 93)
  Rendered flights/index.json.jbuilder (Duration: 4.6ms | Allocations: 2640)
Completed 200 OK in 5ms (Views: 4.6ms | ActiveRecord: 0.4ms | Allocations: 2923)


Started GET "/flights.json?origin=Sydney" for ::1 at 2019-11-20 10:08:27 +1100
Processing by FlightsController#index as JSON
  Parameters: {"origin"=>"Sydney"}
  Rendering flights/index.json.jbuilder
  [1m[36mFlight Load (0.5ms)[0m  [1m[34mSELECT "flights".* FROM "flights"[0m
  ↳ app/views/flights/index.json.jbuilder:1
  Rendered flights/_flight.json.jbuilder (Duration: 0.3ms | Allocations: 116)
  Rendered flights/_flight.json.jbuilder (Duration: 0.2ms | Allocations: 93)
  Rendered flights/_flight.json.jbuilder (Duration: 0.1ms | Allocations: 93)
  Rendered flights/_flight.json.jbuilder (Duration: 0.2ms | Allocations: 93)
  Rendered flights/_flight.json.jbuilder (Duration: 0.1ms | Allocations: 93)
  Rendered flights/_flight.json.jbuilder (Duration: 0.1ms | Allocations: 93)
  Rendered flights/index.json.jbuilder (Duration: 4.3ms | Allocations: 2640)
Completed 200 OK in 5ms (Views: 4.3ms | ActiveRecord: 0.5ms | Allocations: 2923)


Started GET "/flights.json?origin=hawaii" for ::1 at 2019-11-20 10:09:45 +1100
Processing by FlightsController#index as JSON
  Parameters: {"origin"=>"hawaii"}
  Rendering flights/index.json.jbuilder
  [1m[36mFlight Load (0.4ms)[0m  [1m[34mSELECT "flights".* FROM "flights"[0m
  ↳ app/views/flights/index.json.jbuilder:1
  Rendered flights/_flight.json.jbuilder (Duration: 0.3ms | Allocations: 116)
  Rendered flights/_flight.json.jbuilder (Duration: 0.2ms | Allocations: 93)
  Rendered flights/_flight.json.jbuilder (Duration: 0.2ms | Allocations: 93)
  Rendered flights/_flight.json.jbuilder (Duration: 0.1ms | Allocations: 93)
  Rendered flights/_flight.json.jbuilder (Duration: 0.1ms | Allocations: 93)
  Rendered flights/_flight.json.jbuilder (Duration: 0.1ms | Allocations: 93)
  Rendered flights/index.json.jbuilder (Duration: 4.3ms | Allocations: 2640)
Completed 200 OK in 5ms (Views: 4.4ms | ActiveRecord: 0.4ms | Allocations: 2923)


Started GET "/flights.json?origin={hawaii}" for ::1 at 2019-11-20 10:09:57 +1100
Processing by FlightsController#index as JSON
  Parameters: {"origin"=>"{hawaii}"}
  Rendering flights/index.json.jbuilder
  [1m[36mFlight Load (0.4ms)[0m  [1m[34mSELECT "flights".* FROM "flights"[0m
  ↳ app/views/flights/index.json.jbuilder:1
  Rendered flights/_flight.json.jbuilder (Duration: 0.3ms | Allocations: 116)
  Rendered flights/_flight.json.jbuilder (Duration: 0.2ms | Allocations: 93)
  Rendered flights/_flight.json.jbuilder (Duration: 0.1ms | Allocations: 93)
  Rendered flights/_flight.json.jbuilder (Duration: 0.1ms | Allocations: 93)
  Rendered flights/_flight.json.jbuilder (Duration: 0.1ms | Allocations: 93)
  Rendered flights/_flight.json.jbuilder (Duration: 0.1ms | Allocations: 93)
  Rendered flights/index.json.jbuilder (Duration: 3.9ms | Allocations: 2640)
Completed 200 OK in 5ms (Views: 3.9ms | ActiveRecord: 0.4ms | Allocations: 2923)


Started GET "/" for ::1 at 2019-11-20 10:28:15 +1100
  [1m[35m (0.8ms)[0m  [1m[34mSELECT "schema_migrations"."version" FROM "schema_migrations" ORDER BY "schema_migrations"."version" ASC[0m
Processing by FlightsController#index as HTML
  Rendering flights/index.html.erb within layouts/application
  [1m[36mFlight Load (0.6ms)[0m  [1m[34mSELECT "flights".* FROM "flights"[0m
  ↳ app/views/flights/index.html.erb:18
  Rendered flights/index.html.erb within layouts/application (Duration: 18.6ms | Allocations: 8384)
[Webpacker] Everything's up-to-date. Nothing to do
Completed 200 OK in 43ms (Views: 32.8ms | ActiveRecord: 6.3ms | Allocations: 19385)


Started GET "/flights" for ::1 at 2019-11-20 10:28:18 +1100
Processing by FlightsController#index as HTML
  Rendering flights/index.html.erb within layouts/application
  [1m[36mFlight Load (0.3ms)[0m  [1m[34mSELECT "flights".* FROM "flights"[0m
  ↳ app/views/flights/index.html.erb:18
  Rendered flights/index.html.erb within layouts/application (Duration: 3.4ms | Allocations: 2383)
[Webpacker] Everything's up-to-date. Nothing to do
Completed 200 OK in 10ms (Views: 8.9ms | ActiveRecord: 0.3ms | Allocations: 6359)


Started GET "/flights.json" for ::1 at 2019-11-20 10:28:21 +1100
Processing by FlightsController#index as JSON
  Rendering flights/index.json.jbuilder
  [1m[36mFlight Load (0.6ms)[0m  [1m[34mSELECT "flights".* FROM "flights"[0m
  ↳ app/views/flights/index.json.jbuilder:1
  Rendered flights/_flight.json.jbuilder (Duration: 0.9ms | Allocations: 194)
  Rendered flights/_flight.json.jbuilder (Duration: 0.4ms | Allocations: 93)
  Rendered flights/_flight.json.jbuilder (Duration: 0.2ms | Allocations: 93)
  Rendered flights/_flight.json.jbuilder (Duration: 0.2ms | Allocations: 93)
  Rendered flights/_flight.json.jbuilder (Duration: 0.2ms | Allocations: 93)
  Rendered flights/_flight.json.jbuilder (Duration: 0.2ms | Allocations: 93)
  Rendered flights/index.json.jbuilder (Duration: 7.5ms | Allocations: 2944)
Completed 200 OK in 10ms (Views: 8.5ms | ActiveRecord: 0.6ms | Allocations: 3668)


Started GET "/reservations.json" for ::1 at 2019-11-20 10:28:35 +1100
Processing by ReservationsController#index as JSON
  Rendering reservations/index.json.jbuilder
  [1m[36mReservation Load (0.7ms)[0m  [1m[34mSELECT "reservations".* FROM "reservations"[0m
  ↳ app/views/reservations/index.json.jbuilder:1
  Rendered reservations/_reservation.json.jbuilder (Duration: 0.6ms | Allocations: 189)
  Rendered reservations/_reservation.json.jbuilder (Duration: 0.2ms | Allocations: 85)
  Rendered reservations/_reservation.json.jbuilder (Duration: 0.1ms | Allocations: 85)
  Rendered reservations/_reservation.json.jbuilder (Duration: 0.1ms | Allocations: 85)
  Rendered reservations/_reservation.json.jbuilder (Duration: 0.1ms | Allocations: 85)
  Rendered reservations/_reservation.json.jbuilder (Duration: 0.1ms | Allocations: 85)
  Rendered reservations/index.json.jbuilder (Duration: 14.8ms | Allocations: 7045)
Completed 200 OK in 19ms (Views: 10.9ms | ActiveRecord: 5.2ms | Allocations: 8339)


Started GET "/users.json" for ::1 at 2019-11-20 10:28:43 +1100
Processing by UsersController#index as JSON
  Rendering users/index.json.jbuilder
  [1m[36mUser Load (0.9ms)[0m  [1m[34mSELECT "users".* FROM "users"[0m
  ↳ app/views/users/index.json.jbuilder:1
  Rendered users/_user.json.jbuilder (Duration: 0.5ms | Allocations: 190)
  Rendered users/_user.json.jbuilder (Duration: 0.1ms | Allocations: 86)
  Rendered users/_user.json.jbuilder (Duration: 0.1ms | Allocations: 86)
  Rendered users/index.json.jbuilder (Duration: 15.6ms | Allocations: 6927)
Completed 200 OK in 21ms (Views: 10.7ms | ActiveRecord: 6.2ms | Allocations: 8986)


Started GET "/" for ::1 at 2019-11-20 10:57:24 +1100
Processing by FlightsController#index as HTML
  Rendering flights/index.html.erb within layouts/application
  [1m[36mFlight Load (0.8ms)[0m  [1m[34mSELECT "flights".* FROM "flights"[0m
  ↳ app/views/flights/index.html.erb:18
  Rendered flights/index.html.erb within layouts/application (Duration: 8.9ms | Allocations: 7185)
[Webpacker] Everything's up-to-date. Nothing to do
Completed 200 OK in 17ms (Views: 13.7ms | ActiveRecord: 0.8ms | Allocations: 12829)


Started GET "/flights" for ::1 at 2019-11-20 10:57:26 +1100
Processing by FlightsController#index as HTML
  Rendering flights/index.html.erb within layouts/application
  [1m[36mFlight Load (0.3ms)[0m  [1m[34mSELECT "flights".* FROM "flights"[0m
  ↳ app/views/flights/index.html.erb:18
  Rendered flights/index.html.erb within layouts/application (Duration: 3.0ms | Allocations: 2377)
[Webpacker] Everything's up-to-date. Nothing to do
Completed 200 OK in 9ms (Views: 7.9ms | ActiveRecord: 0.3ms | Allocations: 6365)


Started GET "/flights.json" for ::1 at 2019-11-20 10:57:28 +1100
Processing by FlightsController#index as JSON
  Rendering flights/index.json.jbuilder
  [1m[36mFlight Load (0.5ms)[0m  [1m[34mSELECT "flights".* FROM "flights"[0m
  ↳ app/views/flights/index.json.jbuilder:1
  Rendered flights/_flight.json.jbuilder (Duration: 0.3ms | Allocations: 119)
  Rendered flights/_flight.json.jbuilder (Duration: 0.2ms | Allocations: 93)
  Rendered flights/_flight.json.jbuilder (Duration: 0.2ms | Allocations: 93)
  Rendered flights/_flight.json.jbuilder (Duration: 0.1ms | Allocations: 93)
  Rendered flights/_flight.json.jbuilder (Duration: 0.2ms | Allocations: 93)
  Rendered flights/_flight.json.jbuilder (Duration: 0.2ms | Allocations: 93)
  Rendered flights/index.json.jbuilder (Duration: 4.8ms | Allocations: 2643)
Completed 200 OK in 6ms (Views: 4.9ms | ActiveRecord: 0.5ms | Allocations: 2949)


Started GET "/flights.json?origin=Hawaii" for ::1 at 2019-11-20 10:57:34 +1100
Processing by FlightsController#index as JSON
  Parameters: {"origin"=>"Hawaii"}
  [1m[36mFlight Load (0.4ms)[0m  [1m[34mSELECT "flights".* FROM "flights" LIMIT $1[0m  [["LIMIT", 11]]
Completed 500 Internal Server Error in 9ms (ActiveRecord: 0.0ms | Allocations: 3396)


  [1m[36mCACHE Flight Load (0.0ms)[0m  [1m[34mSELECT "flights".* FROM "flights" LIMIT $1[0m  [["LIMIT", 11]]
  
NoMethodError (undefined method `public_search' for #<Flight::ActiveRecord_Relation:0x00007fb32e9b8f78>
Did you mean?  public_send):
  
app/controllers/flights_controller.rb:10:in `block in index'
app/controllers/flights_controller.rb:9:in `index'
Started GET "/flights.json?origin=Hawaii" for ::1 at 2019-11-20 10:57:49 +1100
Processing by FlightsController#index as JSON
  Parameters: {"origin"=>"Hawaii"}
  [1m[36mFlight Load (0.3ms)[0m  [1m[34mSELECT "flights".* FROM "flights" LIMIT $1[0m  [["LIMIT", 11]]
Completed 500 Internal Server Error in 19ms (ActiveRecord: 0.0ms | Allocations: 9879)


  [1m[36mCACHE Flight Load (0.0ms)[0m  [1m[34mSELECT "flights".* FROM "flights" LIMIT $1[0m  [["LIMIT", 11]]
  
NoMethodError (undefined method `origin' for #<Flight::ActiveRecord_Relation:0x00007fb32dbd7788>):
  
app/controllers/flights_controller.rb:10:in `public_send'
app/controllers/flights_controller.rb:10:in `block in index'
app/controllers/flights_controller.rb:9:in `index'
Started GET "/flights.json?origin=Hawaii" for ::1 at 2019-11-20 11:01:38 +1100
Processing by FlightsController#index as JSON
  Parameters: {"origin"=>"Hawaii"}
  [1m[36mFlight Load (0.3ms)[0m  [1m[34mSELECT "flights".* FROM "flights" LIMIT $1[0m  [["LIMIT", 11]]
Completed 500 Internal Server Error in 17ms (ActiveRecord: 0.0ms | Allocations: 9708)


  [1m[36mCACHE Flight Load (0.0ms)[0m  [1m[34mSELECT "flights".* FROM "flights" LIMIT $1[0m  [["LIMIT", 11]]
  
NoMethodError (undefined method `origin' for #<Flight::ActiveRecord_Relation:0x00007fb32d194ff0>):
  
app/controllers/flights_controller.rb:10:in `public_send'
app/controllers/flights_controller.rb:10:in `block in index'
app/controllers/flights_controller.rb:9:in `index'
Started GET "/flights.json?origin=Hawaii" for ::1 at 2019-11-20 11:02:13 +1100
Processing by FlightsController#index as JSON
  Parameters: {"origin"=>"Hawaii"}
  [1m[36mFlight Load (0.3ms)[0m  [1m[34mSELECT "flights".* FROM "flights" LIMIT $1[0m  [["LIMIT", 11]]
Completed 500 Internal Server Error in 17ms (ActiveRecord: 0.0ms | Allocations: 9705)


  [1m[36mCACHE Flight Load (0.0ms)[0m  [1m[34mSELECT "flights".* FROM "flights" LIMIT $1[0m  [["LIMIT", 11]]
  
NoMethodError (undefined method `origin' for #<Flight::ActiveRecord_Relation:0x00007fb32d11ff48>):
  
app/controllers/flights_controller.rb:10:in `public_send'
app/controllers/flights_controller.rb:10:in `block in index'
app/controllers/flights_controller.rb:9:in `index'
Started GET "/flights.json?origin=Hawaii" for ::1 at 2019-11-20 11:02:13 +1100
Processing by FlightsController#index as JSON
  Parameters: {"origin"=>"Hawaii"}
  [1m[36mFlight Load (0.3ms)[0m  [1m[34mSELECT "flights".* FROM "flights" LIMIT $1[0m  [["LIMIT", 11]]
Completed 500 Internal Server Error in 5ms (ActiveRecord: 0.0ms | Allocations: 3291)


  [1m[36mCACHE Flight Load (0.0ms)[0m  [1m[34mSELECT "flights".* FROM "flights" LIMIT $1[0m  [["LIMIT", 11]]
  
NoMethodError (undefined method `origin' for #<Flight::ActiveRecord_Relation:0x00007fb32d20dae0>):
  
app/controllers/flights_controller.rb:10:in `public_send'
app/controllers/flights_controller.rb:10:in `block in index'
app/controllers/flights_controller.rb:9:in `index'
Started PUT "/__web_console/repl_sessions/4e4142720c3d46f0805721ac5e17c8ff" for ::1 at 2019-11-20 11:02:16 +1100
Started PUT "/__web_console/repl_sessions/4e4142720c3d46f0805721ac5e17c8ff" for ::1 at 2019-11-20 11:02:16 +1100
  [1m[36mFlight Load (0.3ms)[0m  [1m[34mSELECT "flights".* FROM "flights" LIMIT $1[0m  [["LIMIT", 11]]
  [1m[36mCACHE Flight Load (0.0ms)[0m  [1m[34mSELECT "flights".* FROM "flights" LIMIT $1[0m  [["LIMIT", 11]]
Started GET "/flights.json?origin=Hawaii" for ::1 at 2019-11-20 11:02:45 +1100
Processing by FlightsController#index as JSON
  Parameters: {"origin"=>"Hawaii"}
  [1m[36mFlight Load (0.2ms)[0m  [1m[34mSELECT "flights".* FROM "flights" LIMIT $1[0m  [["LIMIT", 11]]
Completed 500 Internal Server Error in 16ms (ActiveRecord: 0.0ms | Allocations: 9706)


  [1m[36mCACHE Flight Load (0.0ms)[0m  [1m[34mSELECT "flights".* FROM "flights" LIMIT $1[0m  [["LIMIT", 11]]
  
NoMethodError (undefined method `origin' for #<Flight::ActiveRecord_Relation:0x00007fb32b675c38>):
  
app/controllers/flights_controller.rb:10:in `public_send'
app/controllers/flights_controller.rb:10:in `block in index'
app/controllers/flights_controller.rb:9:in `index'
Started GET "/flights.json?origin=Hawaii" for ::1 at 2019-11-20 11:03:00 +1100
Processing by FlightsController#index as JSON
  Parameters: {"origin"=>"Hawaii"}
  [1m[36mFlight Load (0.2ms)[0m  [1m[34mSELECT "flights".* FROM "flights" LIMIT $1[0m  [["LIMIT", 11]]
Completed 500 Internal Server Error in 22ms (ActiveRecord: 0.0ms | Allocations: 9754)


  [1m[36mCACHE Flight Load (0.0ms)[0m  [1m[34mSELECT "flights".* FROM "flights" LIMIT $1[0m  [["LIMIT", 11]]
  
NoMethodError (undefined method `origin' for #<Flight::ActiveRecord_Relation:0x00007fb32b6ac300>):
  
app/controllers/flights_controller.rb:10:in `public_send'
app/controllers/flights_controller.rb:10:in `block in index'
app/controllers/flights_controller.rb:9:in `index'
Started GET "/flights.json?origin=Hawaii" for ::1 at 2019-11-20 11:03:00 +1100
Processing by FlightsController#index as JSON
  Parameters: {"origin"=>"Hawaii"}
  [1m[36mFlight Load (0.2ms)[0m  [1m[34mSELECT "flights".* FROM "flights" LIMIT $1[0m  [["LIMIT", 11]]
Completed 500 Internal Server Error in 3ms (ActiveRecord: 0.0ms | Allocations: 3290)


  [1m[36mCACHE Flight Load (0.0ms)[0m  [1m[34mSELECT "flights".* FROM "flights" LIMIT $1[0m  [["LIMIT", 11]]
  
NoMethodError (undefined method `origin' for #<Flight::ActiveRecord_Relation:0x00007fb32d206b00>):
  
app/controllers/flights_controller.rb:10:in `public_send'
app/controllers/flights_controller.rb:10:in `block in index'
app/controllers/flights_controller.rb:9:in `index'
Started GET "/flights.json?origin=Hawaii" for ::1 at 2019-11-20 11:04:01 +1100
Processing by FlightsController#index as JSON
  Parameters: {"origin"=>"Hawaii"}
  [1m[36mFlight Load (0.2ms)[0m  [1m[34mSELECT "flights".* FROM "flights" LIMIT $1[0m  [["LIMIT", 11]]
Completed 500 Internal Server Error in 15ms (ActiveRecord: 0.0ms | Allocations: 9704)


  [1m[36mCACHE Flight Load (0.0ms)[0m  [1m[34mSELECT "flights".* FROM "flights" LIMIT $1[0m  [["LIMIT", 11]]
  
NoMethodError (undefined method `origin' for #<Flight::ActiveRecord_Relation:0x00007fb32bcd18e8>):
  
app/controllers/flights_controller.rb:10:in `public_send'
app/controllers/flights_controller.rb:10:in `block in index'
app/controllers/flights_controller.rb:9:in `index'
Started GET "/flights.json?origin=Hawaii" for ::1 at 2019-11-20 11:04:01 +1100
Processing by FlightsController#index as JSON
  Parameters: {"origin"=>"Hawaii"}
  [1m[36mFlight Load (0.1ms)[0m  [1m[34mSELECT "flights".* FROM "flights" LIMIT $1[0m  [["LIMIT", 11]]
Completed 500 Internal Server Error in 3ms (ActiveRecord: 0.0ms | Allocations: 3290)


  [1m[36mCACHE Flight Load (0.0ms)[0m  [1m[34mSELECT "flights".* FROM "flights" LIMIT $1[0m  [["LIMIT", 11]]
  
NoMethodError (undefined method `origin' for #<Flight::ActiveRecord_Relation:0x00007fb32db55058>):
  
app/controllers/flights_controller.rb:10:in `public_send'
app/controllers/flights_controller.rb:10:in `block in index'
app/controllers/flights_controller.rb:9:in `index'
Started PUT "/__web_console/repl_sessions/483e514b9094b0115a5c1ebf0106f721" for ::1 at 2019-11-20 11:04:04 +1100
Started PUT "/__web_console/repl_sessions/483e514b9094b0115a5c1ebf0106f721" for ::1 at 2019-11-20 11:04:04 +1100
  [1m[36mFlight Load (0.2ms)[0m  [1m[34mSELECT "flights".* FROM "flights" LIMIT $1[0m  [["LIMIT", 11]]
  [1m[36mCACHE Flight Load (0.0ms)[0m  [1m[34mSELECT "flights".* FROM "flights" LIMIT $1[0m  [["LIMIT", 11]]
Started PUT "/__web_console/repl_sessions/483e514b9094b0115a5c1ebf0106f721" for ::1 at 2019-11-20 11:04:09 +1100
Started GET "/flights.json?origin=Hawaii" for ::1 at 2019-11-20 11:06:05 +1100
Processing by FlightsController#index as JSON
  Parameters: {"origin"=>"Hawaii"}
  [1m[36mFlight Load (0.3ms)[0m  [1m[34mSELECT "flights".* FROM "flights" LIMIT $1[0m  [["LIMIT", 11]]
Completed 500 Internal Server Error in 36ms (ActiveRecord: 0.0ms | Allocations: 9736)


  [1m[36mCACHE Flight Load (0.0ms)[0m  [1m[34mSELECT "flights".* FROM "flights" LIMIT $1[0m  [["LIMIT", 11]]
  
NoMethodError (undefined method `origin' for #<Flight::ActiveRecord_Relation:0x00007fb32dbe5f90>):
  
app/controllers/flights_controller.rb:10:in `public_send'
app/controllers/flights_controller.rb:10:in `block in index'
app/controllers/flights_controller.rb:9:in `index'
Started GET "/flights.json?origin=Hawaii" for ::1 at 2019-11-20 11:06:05 +1100
Processing by FlightsController#index as JSON
  Parameters: {"origin"=>"Hawaii"}
  [1m[36mFlight Load (0.2ms)[0m  [1m[34mSELECT "flights".* FROM "flights" LIMIT $1[0m  [["LIMIT", 11]]
Completed 500 Internal Server Error in 4ms (ActiveRecord: 0.0ms | Allocations: 3290)


  [1m[36mCACHE Flight Load (0.0ms)[0m  [1m[34mSELECT "flights".* FROM "flights" LIMIT $1[0m  [["LIMIT", 11]]
  
NoMethodError (undefined method `origin' for #<Flight::ActiveRecord_Relation:0x00007fb32e9cac78>):
  
app/controllers/flights_controller.rb:10:in `public_send'
app/controllers/flights_controller.rb:10:in `block in index'
app/controllers/flights_controller.rb:9:in `index'
Started GET "/flights.json?origin=Hawaii" for ::1 at 2019-11-20 11:06:05 +1100
Processing by FlightsController#index as JSON
  Parameters: {"origin"=>"Hawaii"}
  [1m[36mFlight Load (0.2ms)[0m  [1m[34mSELECT "flights".* FROM "flights" LIMIT $1[0m  [["LIMIT", 11]]
Completed 500 Internal Server Error in 4ms (ActiveRecord: 0.0ms | Allocations: 3290)


  [1m[36mCACHE Flight Load (0.0ms)[0m  [1m[34mSELECT "flights".* FROM "flights" LIMIT $1[0m  [["LIMIT", 11]]
  
NoMethodError (undefined method `origin' for #<Flight::ActiveRecord_Relation:0x00007fb32bc93390>):
  
app/controllers/flights_controller.rb:10:in `public_send'
app/controllers/flights_controller.rb:10:in `block in index'
app/controllers/flights_controller.rb:9:in `index'
Started GET "/flights.json?origin=Hawaii" for ::1 at 2019-11-20 11:06:05 +1100
Processing by FlightsController#index as JSON
  Parameters: {"origin"=>"Hawaii"}
  [1m[36mFlight Load (0.2ms)[0m  [1m[34mSELECT "flights".* FROM "flights" LIMIT $1[0m  [["LIMIT", 11]]
Completed 500 Internal Server Error in 4ms (ActiveRecord: 0.0ms | Allocations: 3290)


  [1m[36mCACHE Flight Load (0.0ms)[0m  [1m[34mSELECT "flights".* FROM "flights" LIMIT $1[0m  [["LIMIT", 11]]
  
NoMethodError (undefined method `origin' for #<Flight::ActiveRecord_Relation:0x00007fb32ea5b098>):
  
app/controllers/flights_controller.rb:10:in `public_send'
app/controllers/flights_controller.rb:10:in `block in index'
app/controllers/flights_controller.rb:9:in `index'
Started GET "/flights.json?origin=Hawaii" for ::1 at 2019-11-20 11:07:06 +1100
Processing by FlightsController#index as JSON
  Parameters: {"origin"=>"Hawaii"}
  [1m[36mFlight Load (0.4ms)[0m  [1m[34mSELECT "flights".* FROM "flights" LIMIT $1[0m  [["LIMIT", 11]]
Completed 500 Internal Server Error in 8ms (ActiveRecord: 0.0ms | Allocations: 3290)


  [1m[36mCACHE Flight Load (0.1ms)[0m  [1m[34mSELECT "flights".* FROM "flights" LIMIT $1[0m  [["LIMIT", 11]]
  
NoMethodError (undefined method `origin' for #<Flight::ActiveRecord_Relation:0x00007fb33301e5a8>):
  
app/controllers/flights_controller.rb:10:in `public_send'
app/controllers/flights_controller.rb:10:in `block in index'
app/controllers/flights_controller.rb:9:in `index'
Started GET "/flights.json?origin=Hawaii" for ::1 at 2019-11-20 11:07:15 +1100
Processing by FlightsController#index as JSON
  Parameters: {"origin"=>"Hawaii"}
  [1m[36mFlight Load (0.3ms)[0m  [1m[34mSELECT "flights".* FROM "flights" LIMIT $1[0m  [["LIMIT", 11]]
Completed 500 Internal Server Error in 5ms (ActiveRecord: 0.0ms | Allocations: 3290)


  [1m[36mCACHE Flight Load (0.0ms)[0m  [1m[34mSELECT "flights".* FROM "flights" LIMIT $1[0m  [["LIMIT", 11]]
  
NoMethodError (undefined method `origin' for #<Flight::ActiveRecord_Relation:0x00007fb32baa8080>):
  
app/controllers/flights_controller.rb:10:in `public_send'
app/controllers/flights_controller.rb:10:in `block in index'
app/controllers/flights_controller.rb:9:in `index'
Started PUT "/__web_console/repl_sessions/2a1d1e08e7c1b8650cadc1a6678facd7" for ::1 at 2019-11-20 11:08:23 +1100
Started PUT "/__web_console/repl_sessions/2a1d1e08e7c1b8650cadc1a6678facd7" for ::1 at 2019-11-20 11:08:26 +1100
Started PUT "/__web_console/repl_sessions/2a1d1e08e7c1b8650cadc1a6678facd7" for ::1 at 2019-11-20 11:08:28 +1100
  [1m[36mFlight Load (0.3ms)[0m  [1m[34mSELECT "flights".* FROM "flights" LIMIT $1[0m  [["LIMIT", 11]]
Started PUT "/__web_console/repl_sessions/2a1d1e08e7c1b8650cadc1a6678facd7" for ::1 at 2019-11-20 11:10:01 +1100
Started GET "/flights.json?origin=Hawaii" for ::1 at 2019-11-20 11:11:10 +1100
Processing by FlightsController#index as JSON
  Parameters: {"origin"=>"Hawaii"}
  [1m[36mFlight Load (0.3ms)[0m  [1m[34mSELECT "flights".* FROM "flights" LIMIT $1[0m  [["LIMIT", 11]]
Completed 500 Internal Server Error in 17ms (ActiveRecord: 0.0ms | Allocations: 9704)


  [1m[36mCACHE Flight Load (0.0ms)[0m  [1m[34mSELECT "flights".* FROM "flights" LIMIT $1[0m  [["LIMIT", 11]]
  
NoMethodError (undefined method `origin' for #<Flight::ActiveRecord_Relation:0x00007fb32ea39538>):
  
app/controllers/flights_controller.rb:10:in `public_send'
app/controllers/flights_controller.rb:10:in `block in index'
app/controllers/flights_controller.rb:9:in `index'
Started GET "/flights.json?origin=Hawaii" for ::1 at 2019-11-20 11:11:11 +1100
Processing by FlightsController#index as JSON
  Parameters: {"origin"=>"Hawaii"}
  [1m[36mFlight Load (0.3ms)[0m  [1m[34mSELECT "flights".* FROM "flights" LIMIT $1[0m  [["LIMIT", 11]]
Completed 500 Internal Server Error in 5ms (ActiveRecord: 0.0ms | Allocations: 3290)


  [1m[36mCACHE Flight Load (0.0ms)[0m  [1m[34mSELECT "flights".* FROM "flights" LIMIT $1[0m  [["LIMIT", 11]]
  
NoMethodError (undefined method `origin' for #<Flight::ActiveRecord_Relation:0x00007fb32e9f97a8>):
  
app/controllers/flights_controller.rb:10:in `public_send'
app/controllers/flights_controller.rb:10:in `block in index'
app/controllers/flights_controller.rb:9:in `index'
Started GET "/flights.json?origin=Hawaii" for ::1 at 2019-11-20 11:12:24 +1100
Processing by FlightsController#index as JSON
  Parameters: {"origin"=>"Hawaii"}
Completed 500 Internal Server Error in 2ms (ActiveRecord: 0.0ms | Allocations: 1874)


  
ArgumentError (wrong number of arguments (given 2, expected 1)):
  
app/controllers/flights_controller.rb:81:in `filter_params'
app/controllers/flights_controller.rb:9:in `index'
Started GET "/flights.json?origin=Hawaii" for ::1 at 2019-11-20 11:12:25 +1100
Processing by FlightsController#index as JSON
  Parameters: {"origin"=>"Hawaii"}
Completed 500 Internal Server Error in 0ms (ActiveRecord: 0.0ms | Allocations: 394)


  
ArgumentError (wrong number of arguments (given 2, expected 1)):
  
app/controllers/flights_controller.rb:81:in `filter_params'
app/controllers/flights_controller.rb:9:in `index'
Started GET "/flights.json?origin=Hawaii" for ::1 at 2019-11-20 11:14:08 +1100
Processing by FlightsController#index as JSON
  Parameters: {"origin"=>"Hawaii"}
  [1m[36mFlight Load (0.3ms)[0m  [1m[34mSELECT "flights".* FROM "flights" LIMIT $1[0m  [["LIMIT", 11]]
Completed 500 Internal Server Error in 18ms (ActiveRecord: 0.0ms | Allocations: 9704)


  [1m[36mCACHE Flight Load (0.0ms)[0m  [1m[34mSELECT "flights".* FROM "flights" LIMIT $1[0m  [["LIMIT", 11]]
  
NoMethodError (undefined method `origin' for #<Flight::ActiveRecord_Relation:0x00007fb32b656bf8>):
  
app/controllers/flights_controller.rb:10:in `public_send'
app/controllers/flights_controller.rb:10:in `block in index'
app/controllers/flights_controller.rb:9:in `index'
Started GET "/flights.json?origin=Hawaii" for ::1 at 2019-11-20 11:14:08 +1100
Processing by FlightsController#index as JSON
  Parameters: {"origin"=>"Hawaii"}
  [1m[36mFlight Load (0.2ms)[0m  [1m[34mSELECT "flights".* FROM "flights" LIMIT $1[0m  [["LIMIT", 11]]
Completed 500 Internal Server Error in 4ms (ActiveRecord: 0.0ms | Allocations: 3290)


  [1m[36mCACHE Flight Load (0.0ms)[0m  [1m[34mSELECT "flights".* FROM "flights" LIMIT $1[0m  [["LIMIT", 11]]
  
NoMethodError (undefined method `origin' for #<Flight::ActiveRecord_Relation:0x00007fb32bc498d0>):
  
app/controllers/flights_controller.rb:10:in `public_send'
app/controllers/flights_controller.rb:10:in `block in index'
app/controllers/flights_controller.rb:9:in `index'
Started GET "/flights.json?origin=Hawaii" for ::1 at 2019-11-20 11:14:09 +1100
Processing by FlightsController#index as JSON
  Parameters: {"origin"=>"Hawaii"}
  [1m[36mFlight Load (0.2ms)[0m  [1m[34mSELECT "flights".* FROM "flights" LIMIT $1[0m  [["LIMIT", 11]]
Completed 500 Internal Server Error in 5ms (ActiveRecord: 0.0ms | Allocations: 3290)


  [1m[36mCACHE Flight Load (0.0ms)[0m  [1m[34mSELECT "flights".* FROM "flights" LIMIT $1[0m  [["LIMIT", 11]]
  
NoMethodError (undefined method `origin' for #<Flight::ActiveRecord_Relation:0x00007fb32b5bf8e8>):
  
app/controllers/flights_controller.rb:10:in `public_send'
app/controllers/flights_controller.rb:10:in `block in index'
app/controllers/flights_controller.rb:9:in `index'
Started GET "/flights.json?origin=Hawaii" for ::1 at 2019-11-20 11:14:09 +1100
Processing by FlightsController#index as JSON
  Parameters: {"origin"=>"Hawaii"}
  [1m[36mFlight Load (0.2ms)[0m  [1m[34mSELECT "flights".* FROM "flights" LIMIT $1[0m  [["LIMIT", 11]]
Completed 500 Internal Server Error in 5ms (ActiveRecord: 0.0ms | Allocations: 3290)


  [1m[36mCACHE Flight Load (0.0ms)[0m  [1m[34mSELECT "flights".* FROM "flights" LIMIT $1[0m  [["LIMIT", 11]]
  
NoMethodError (undefined method `origin' for #<Flight::ActiveRecord_Relation:0x00007fb32c17d2e8>):
  
app/controllers/flights_controller.rb:10:in `public_send'
app/controllers/flights_controller.rb:10:in `block in index'
app/controllers/flights_controller.rb:9:in `index'
Started GET "/flights.json?origin=Hawaii" for ::1 at 2019-11-20 11:14:09 +1100
Processing by FlightsController#index as JSON
  Parameters: {"origin"=>"Hawaii"}
  [1m[36mFlight Load (0.2ms)[0m  [1m[34mSELECT "flights".* FROM "flights" LIMIT $1[0m  [["LIMIT", 11]]
Completed 500 Internal Server Error in 4ms (ActiveRecord: 0.0ms | Allocations: 3290)


  [1m[36mCACHE Flight Load (0.0ms)[0m  [1m[34mSELECT "flights".* FROM "flights" LIMIT $1[0m  [["LIMIT", 11]]
  
NoMethodError (undefined method `origin' for #<Flight::ActiveRecord_Relation:0x00007fb32e9685a0>):
  
app/controllers/flights_controller.rb:10:in `public_send'
app/controllers/flights_controller.rb:10:in `block in index'
app/controllers/flights_controller.rb:9:in `index'
Started GET "/flights.json?origin=Hawaii&destination=Dublin" for ::1 at 2019-11-20 11:19:57 +1100
Processing by FlightsController#index as JSON
  Parameters: {"origin"=>"Hawaii", "destination"=>"Dublin"}
  [1m[36mFlight Load (0.8ms)[0m  [1m[34mSELECT "flights".* FROM "flights" LIMIT $1[0m  [["LIMIT", 11]]
Completed 500 Internal Server Error in 7ms (ActiveRecord: 0.0ms | Allocations: 3412)


  [1m[36mCACHE Flight Load (0.0ms)[0m  [1m[34mSELECT "flights".* FROM "flights" LIMIT $1[0m  [["LIMIT", 11]]
  
NoMethodError (undefined method `origin' for #<Flight::ActiveRecord_Relation:0x00007fb32c17f598>):
  
app/controllers/flights_controller.rb:10:in `public_send'
app/controllers/flights_controller.rb:10:in `block in index'
app/controllers/flights_controller.rb:9:in `index'
Started PUT "/__web_console/repl_sessions/353ee33d2053631b8663d39d41385ac2" for ::1 at 2019-11-20 11:20:00 +1100
Started PUT "/__web_console/repl_sessions/353ee33d2053631b8663d39d41385ac2" for ::1 at 2019-11-20 11:20:00 +1100
Started GET "/flights.json?origin=Hawaii&destination=Dublin" for ::1 at 2019-11-20 11:20:52 +1100
Processing by FlightsController#index as JSON
  Parameters: {"origin"=>"Hawaii", "destination"=>"Dublin"}
  [1m[36mFlight Load (0.3ms)[0m  [1m[34mSELECT "flights".* FROM "flights" LIMIT $1[0m  [["LIMIT", 11]]
Completed 500 Internal Server Error in 18ms (ActiveRecord: 0.0ms | Allocations: 9809)


  [1m[36mCACHE Flight Load (0.0ms)[0m  [1m[34mSELECT "flights".* FROM "flights" LIMIT $1[0m  [["LIMIT", 11]]
  
NoMethodError (undefined method `origin' for #<Flight::ActiveRecord_Relation:0x00007fb32db9ce80>):
  
app/controllers/flights_controller.rb:10:in `public_send'
app/controllers/flights_controller.rb:10:in `block in index'
app/controllers/flights_controller.rb:9:in `index'
Started GET "/flights.json?origin=Hawaii&destination=Dublin" for ::1 at 2019-11-20 11:20:53 +1100
Processing by FlightsController#index as JSON
  Parameters: {"origin"=>"Hawaii", "destination"=>"Dublin"}
  [1m[36mFlight Load (0.4ms)[0m  [1m[34mSELECT "flights".* FROM "flights" LIMIT $1[0m  [["LIMIT", 11]]
Completed 500 Internal Server Error in 13ms (ActiveRecord: 0.0ms | Allocations: 3295)


  [1m[36mCACHE Flight Load (0.0ms)[0m  [1m[34mSELECT "flights".* FROM "flights" LIMIT $1[0m  [["LIMIT", 11]]
  
NoMethodError (undefined method `origin' for #<Flight::ActiveRecord_Relation:0x00007fb32b6ac350>):
  
app/controllers/flights_controller.rb:10:in `public_send'
app/controllers/flights_controller.rb:10:in `block in index'
app/controllers/flights_controller.rb:9:in `index'
Started GET "/flights.json?origin=Hawaii&destination=Dublin" for ::1 at 2019-11-20 11:20:53 +1100
Processing by FlightsController#index as JSON
  Parameters: {"origin"=>"Hawaii", "destination"=>"Dublin"}
  [1m[36mFlight Load (0.3ms)[0m  [1m[34mSELECT "flights".* FROM "flights" LIMIT $1[0m  [["LIMIT", 11]]
Completed 500 Internal Server Error in 5ms (ActiveRecord: 0.0ms | Allocations: 3293)


  [1m[36mCACHE Flight Load (0.0ms)[0m  [1m[34mSELECT "flights".* FROM "flights" LIMIT $1[0m  [["LIMIT", 11]]
  
NoMethodError (undefined method `origin' for #<Flight::ActiveRecord_Relation:0x00007fb32bd9a5b8>):
  
app/controllers/flights_controller.rb:10:in `public_send'
app/controllers/flights_controller.rb:10:in `block in index'
app/controllers/flights_controller.rb:9:in `index'
Started GET "/flights.json?origin=Hawaii&destination=Dublin" for ::1 at 2019-11-20 11:20:56 +1100
Processing by FlightsController#index as JSON
  Parameters: {"origin"=>"Hawaii", "destination"=>"Dublin"}
  [1m[36mFlight Load (0.4ms)[0m  [1m[34mSELECT "flights".* FROM "flights" LIMIT $1[0m  [["LIMIT", 11]]
Completed 500 Internal Server Error in 24ms (ActiveRecord: 0.0ms | Allocations: 9778)


  [1m[36mCACHE Flight Load (0.0ms)[0m  [1m[34mSELECT "flights".* FROM "flights" LIMIT $1[0m  [["LIMIT", 11]]
  
NoMethodError (undefined method `origin' for #<Flight::ActiveRecord_Relation:0x00007fb32c17ea80>):
  
app/controllers/flights_controller.rb:10:in `public_send'
app/controllers/flights_controller.rb:10:in `block in index'
app/controllers/flights_controller.rb:9:in `index'
Started GET "/flights.json?blin" for ::1 at 2019-11-20 11:21:00 +1100
Processing by FlightsController#index as JSON
  Parameters: {"blin"=>nil}
  Rendering flights/index.json.jbuilder
  [1m[36mFlight Load (0.5ms)[0m  [1m[34mSELECT "flights".* FROM "flights"[0m
  ↳ app/views/flights/index.json.jbuilder:1
  Rendered flights/_flight.json.jbuilder (Duration: 0.5ms | Allocations: 128)
  Rendered flights/_flight.json.jbuilder (Duration: 0.2ms | Allocations: 93)
  Rendered flights/_flight.json.jbuilder (Duration: 0.2ms | Allocations: 93)
  Rendered flights/_flight.json.jbuilder (Duration: 0.2ms | Allocations: 93)
  Rendered flights/_flight.json.jbuilder (Duration: 0.2ms | Allocations: 93)
  Rendered flights/_flight.json.jbuilder (Duration: 0.2ms | Allocations: 93)
  Rendered flights/index.json.jbuilder (Duration: 4.9ms | Allocations: 2652)
Completed 200 OK in 7ms (Views: 5.5ms | ActiveRecord: 0.5ms | Allocations: 3124)


Started GET "/flights.json" for ::1 at 2019-11-20 11:21:05 +1100
Processing by FlightsController#index as JSON
  Rendering flights/index.json.jbuilder
  [1m[36mFlight Load (0.5ms)[0m  [1m[34mSELECT "flights".* FROM "flights"[0m
  ↳ app/views/flights/index.json.jbuilder:1
  Rendered flights/_flight.json.jbuilder (Duration: 0.6ms | Allocations: 116)
  Rendered flights/_flight.json.jbuilder (Duration: 0.2ms | Allocations: 93)
  Rendered flights/_flight.json.jbuilder (Duration: 0.2ms | Allocations: 93)
  Rendered flights/_flight.json.jbuilder (Duration: 0.2ms | Allocations: 93)
  Rendered flights/_flight.json.jbuilder (Duration: 0.2ms | Allocations: 93)
  Rendered flights/_flight.json.jbuilder (Duration: 0.2ms | Allocations: 93)
  Rendered flights/index.json.jbuilder (Duration: 5.4ms | Allocations: 2640)
Completed 200 OK in 7ms (Views: 5.7ms | ActiveRecord: 0.5ms | Allocations: 2948)


Started GET "/flights.json?origin" for ::1 at 2019-11-20 11:21:09 +1100
Processing by FlightsController#index as JSON
  Parameters: {"origin"=>nil}
  Rendering flights/index.json.jbuilder
  [1m[36mFlight Load (0.5ms)[0m  [1m[34mSELECT "flights".* FROM "flights"[0m
  ↳ app/views/flights/index.json.jbuilder:1
  Rendered flights/_flight.json.jbuilder (Duration: 0.3ms | Allocations: 116)
  Rendered flights/_flight.json.jbuilder (Duration: 0.2ms | Allocations: 93)
  Rendered flights/_flight.json.jbuilder (Duration: 0.2ms | Allocations: 93)
  Rendered flights/_flight.json.jbuilder (Duration: 0.2ms | Allocations: 93)
  Rendered flights/_flight.json.jbuilder (Duration: 0.1ms | Allocations: 93)
  Rendered flights/_flight.json.jbuilder (Duration: 0.1ms | Allocations: 93)
  Rendered flights/index.json.jbuilder (Duration: 4.4ms | Allocations: 2640)
Completed 200 OK in 5ms (Views: 4.3ms | ActiveRecord: 0.5ms | Allocations: 2952)


Started GET "/flights.json?origin=sydney" for ::1 at 2019-11-20 11:21:13 +1100
Processing by FlightsController#index as JSON
  Parameters: {"origin"=>"sydney"}
  [1m[36mFlight Load (0.7ms)[0m  [1m[34mSELECT "flights".* FROM "flights" LIMIT $1[0m  [["LIMIT", 11]]
Completed 500 Internal Server Error in 6ms (ActiveRecord: 0.0ms | Allocations: 3291)


  [1m[36mCACHE Flight Load (0.0ms)[0m  [1m[34mSELECT "flights".* FROM "flights" LIMIT $1[0m  [["LIMIT", 11]]
  
NoMethodError (undefined method `origin' for #<Flight::ActiveRecord_Relation:0x00007fb32d1aff08>):
  
app/controllers/flights_controller.rb:10:in `public_send'
app/controllers/flights_controller.rb:10:in `block in index'
app/controllers/flights_controller.rb:9:in `index'
Started GET "/flights.json?origin=sydney" for ::1 at 2019-11-20 11:22:15 +1100
Processing by FlightsController#index as JSON
  Parameters: {"origin"=>"sydney"}
  [1m[36mFlight Load (0.2ms)[0m  [1m[34mSELECT "flights".* FROM "flights" LIMIT $1[0m  [["LIMIT", 11]]
Completed 500 Internal Server Error in 5ms (ActiveRecord: 0.0ms | Allocations: 3290)


  [1m[36mCACHE Flight Load (0.0ms)[0m  [1m[34mSELECT "flights".* FROM "flights" LIMIT $1[0m  [["LIMIT", 11]]
  
NoMethodError (undefined method `origin' for #<Flight::ActiveRecord_Relation:0x00007fb32bbc30a0>):
  
app/controllers/flights_controller.rb:10:in `public_send'
app/controllers/flights_controller.rb:10:in `block in index'
app/controllers/flights_controller.rb:9:in `index'
Started GET "/flights.json?origin=sydney" for ::1 at 2019-11-20 11:22:15 +1100
Processing by FlightsController#index as JSON
  Parameters: {"origin"=>"sydney"}
  [1m[36mFlight Load (0.2ms)[0m  [1m[34mSELECT "flights".* FROM "flights" LIMIT $1[0m  [["LIMIT", 11]]
Completed 500 Internal Server Error in 4ms (ActiveRecord: 0.0ms | Allocations: 3290)


  [1m[36mCACHE Flight Load (0.0ms)[0m  [1m[34mSELECT "flights".* FROM "flights" LIMIT $1[0m  [["LIMIT", 11]]
  
NoMethodError (undefined method `origin' for #<Flight::ActiveRecord_Relation:0x00007fb32e9a2b10>):
  
app/controllers/flights_controller.rb:10:in `public_send'
app/controllers/flights_controller.rb:10:in `block in index'
app/controllers/flights_controller.rb:9:in `index'
Started GET "/flights.json?origin=sydney" for ::1 at 2019-11-20 11:22:16 +1100
Processing by FlightsController#index as JSON
  Parameters: {"origin"=>"sydney"}
  [1m[36mFlight Load (0.2ms)[0m  [1m[34mSELECT "flights".* FROM "flights" LIMIT $1[0m  [["LIMIT", 11]]
Completed 500 Internal Server Error in 5ms (ActiveRecord: 0.0ms | Allocations: 3290)


  [1m[36mCACHE Flight Load (0.0ms)[0m  [1m[34mSELECT "flights".* FROM "flights" LIMIT $1[0m  [["LIMIT", 11]]
  
NoMethodError (undefined method `origin' for #<Flight::ActiveRecord_Relation:0x00007fb32ea52ad8>):
  
app/controllers/flights_controller.rb:10:in `public_send'
app/controllers/flights_controller.rb:10:in `block in index'
app/controllers/flights_controller.rb:9:in `index'
Started GET "/flights.json?origin=sydney" for ::1 at 2019-11-20 11:23:20 +1100
Processing by FlightsController#index as JSON
  Parameters: {"origin"=>"sydney"}
  [1m[36mFlight Load (0.2ms)[0m  [1m[34mSELECT "flights".* FROM "flights" LIMIT $1[0m  [["LIMIT", 11]]
Completed 500 Internal Server Error in 5ms (ActiveRecord: 0.0ms | Allocations: 3290)


  [1m[36mCACHE Flight Load (0.0ms)[0m  [1m[34mSELECT "flights".* FROM "flights" LIMIT $1[0m  [["LIMIT", 11]]
  
NoMethodError (undefined method `origin' for #<Flight::ActiveRecord_Relation:0x00007fb32bc9b6f8>):
  
app/controllers/flights_controller.rb:10:in `public_send'
app/controllers/flights_controller.rb:10:in `block in index'
app/controllers/flights_controller.rb:9:in `index'
Started GET "/flights.json?origin=sydney" for ::1 at 2019-11-20 11:23:23 +1100
Processing by FlightsController#index as JSON
  Parameters: {"origin"=>"sydney"}
Completed 500 Internal Server Error in 1ms (ActiveRecord: 0.0ms | Allocations: 795)


  
NoMethodError (undefined method `origin' for nil:NilClass):
  
app/controllers/flights_controller.rb:10:in `public_send'
app/controllers/flights_controller.rb:10:in `block in index'
app/controllers/flights_controller.rb:9:in `index'
Started GET "/flights.json?origin=sydney" for ::1 at 2019-11-20 11:23:24 +1100
Processing by FlightsController#index as JSON
  Parameters: {"origin"=>"sydney"}
Completed 500 Internal Server Error in 1ms (ActiveRecord: 0.0ms | Allocations: 803)


  
NoMethodError (undefined method `origin' for nil:NilClass):
  
app/controllers/flights_controller.rb:10:in `public_send'
app/controllers/flights_controller.rb:10:in `block in index'
app/controllers/flights_controller.rb:9:in `index'
Started GET "/flights.json?origin=sydney" for ::1 at 2019-11-20 11:25:07 +1100
Processing by FlightsController#index as JSON
  Parameters: {"origin"=>"sydney"}
  Rendering flights/index.json.jbuilder
  [1m[36mFlight Load (0.3ms)[0m  [1m[34mSELECT "flights".* FROM "flights" WHERE "flights"."origin" = $1[0m  [["origin", "sydney"]]
  ↳ app/views/flights/index.json.jbuilder:1
  Rendered flights/index.json.jbuilder (Duration: 1.7ms | Allocations: 986)
Completed 200 OK in 7ms (Views: 1.9ms | ActiveRecord: 1.8ms | Allocations: 3772)


Started GET "/flights.json?origin=sydney" for ::1 at 2019-11-20 11:25:10 +1100
Processing by FlightsController#index as JSON
  Parameters: {"origin"=>"sydney"}
  Rendering flights/index.json.jbuilder
  [1m[36mFlight Load (0.2ms)[0m  [1m[34mSELECT "flights".* FROM "flights" WHERE "flights"."origin" = $1[0m  [["origin", "sydney"]]
  ↳ app/views/flights/index.json.jbuilder:1
  Rendered flights/index.json.jbuilder (Duration: 1.1ms | Allocations: 738)
Completed 200 OK in 2ms (Views: 1.2ms | ActiveRecord: 0.2ms | Allocations: 1122)


Started GET "/flights.json?origin=Sydney" for ::1 at 2019-11-20 11:25:17 +1100
Processing by FlightsController#index as JSON
  Parameters: {"origin"=>"Sydney"}
  Rendering flights/index.json.jbuilder
  [1m[36mFlight Load (0.4ms)[0m  [1m[34mSELECT "flights".* FROM "flights" WHERE "flights"."origin" = $1[0m  [["origin", "Sydney"]]
  ↳ app/views/flights/index.json.jbuilder:1
  Rendered flights/_flight.json.jbuilder (Duration: 0.3ms | Allocations: 128)
  Rendered flights/_flight.json.jbuilder (Duration: 0.2ms | Allocations: 93)
  Rendered flights/index.json.jbuilder (Duration: 12.5ms | Allocations: 5857)
Completed 200 OK in 14ms (Views: 8.6ms | ActiveRecord: 4.7ms | Allocations: 6241)


Started GET "/flights.json" for ::1 at 2019-11-20 11:25:27 +1100
Processing by FlightsController#index as JSON
  Rendering flights/index.json.jbuilder
  [1m[36mFlight Load (0.6ms)[0m  [1m[34mSELECT "flights".* FROM "flights"[0m
  ↳ app/views/flights/index.json.jbuilder:1
  Rendered flights/_flight.json.jbuilder (Duration: 0.3ms | Allocations: 116)
  Rendered flights/_flight.json.jbuilder (Duration: 0.2ms | Allocations: 93)
  Rendered flights/_flight.json.jbuilder (Duration: 0.2ms | Allocations: 93)
  Rendered flights/_flight.json.jbuilder (Duration: 0.1ms | Allocations: 93)
  Rendered flights/_flight.json.jbuilder (Duration: 0.2ms | Allocations: 93)
  Rendered flights/_flight.json.jbuilder (Duration: 0.2ms | Allocations: 93)
  Rendered flights/index.json.jbuilder (Duration: 4.9ms | Allocations: 2640)
Completed 200 OK in 6ms (Views: 5.0ms | ActiveRecord: 0.6ms | Allocations: 2948)


Started GET "/flights.json?origin=Sydney" for ::1 at 2019-11-20 11:25:44 +1100
Processing by FlightsController#index as JSON
  Parameters: {"origin"=>"Sydney"}
  Rendering flights/index.json.jbuilder
  [1m[36mFlight Load (0.7ms)[0m  [1m[34mSELECT "flights".* FROM "flights" WHERE "flights"."origin" = $1[0m  [["origin", "Sydney"]]
  ↳ app/views/flights/index.json.jbuilder:1
  Rendered flights/_flight.json.jbuilder (Duration: 0.3ms | Allocations: 116)
  Rendered flights/_flight.json.jbuilder (Duration: 0.2ms | Allocations: 93)
  Rendered flights/index.json.jbuilder (Duration: 3.0ms | Allocations: 1395)
Completed 200 OK in 4ms (Views: 2.9ms | ActiveRecord: 0.7ms | Allocations: 1778)


Started GET "/flights.json" for ::1 at 2019-11-20 11:25:57 +1100
Processing by FlightsController#index as JSON
  Rendering flights/index.json.jbuilder
  [1m[36mFlight Load (0.5ms)[0m  [1m[34mSELECT "flights".* FROM "flights"[0m
  ↳ app/views/flights/index.json.jbuilder:1
  Rendered flights/_flight.json.jbuilder (Duration: 0.3ms | Allocations: 116)
  Rendered flights/_flight.json.jbuilder (Duration: 0.2ms | Allocations: 93)
  Rendered flights/_flight.json.jbuilder (Duration: 0.1ms | Allocations: 93)
  Rendered flights/_flight.json.jbuilder (Duration: 0.2ms | Allocations: 93)
  Rendered flights/_flight.json.jbuilder (Duration: 0.2ms | Allocations: 93)
  Rendered flights/_flight.json.jbuilder (Duration: 0.2ms | Allocations: 93)
  Rendered flights/index.json.jbuilder (Duration: 4.8ms | Allocations: 2640)
Completed 200 OK in 6ms (Views: 5.0ms | ActiveRecord: 0.5ms | Allocations: 2948)


Started GET "/flights.json?origin=Taipei&destination=Montreal" for ::1 at 2019-11-20 11:26:13 +1100
Processing by FlightsController#index as JSON
  Parameters: {"origin"=>"Taipei", "destination"=>"Montreal"}
  Rendering flights/index.json.jbuilder
  [1m[36mFlight Load (0.6ms)[0m  [1m[34mSELECT "flights".* FROM "flights" WHERE "flights"."origin" = $1 AND "flights"."destination" = $2[0m  [["origin", "Taipei"], ["destination", "Montreal"]]
  ↳ app/views/flights/index.json.jbuilder:1
  Rendered flights/_flight.json.jbuilder (Duration: 0.3ms | Allocations: 116)
  Rendered flights/index.json.jbuilder (Duration: 3.1ms | Allocations: 1093)
Completed 200 OK in 4ms (Views: 2.9ms | ActiveRecord: 0.6ms | Allocations: 1557)


